{"meta": {"format": 3, "version": "7.10.7", "timestamp": "2026-01-26T16:45:05.925921", "branch_coverage": false, "show_contexts": false}, "files": {"src/manifest/__init__.py": {"executed_lines": [1, 4], "summary": {"covered_lines": 1, "num_statements": 1, "percent_covered": 100.0, "percent_covered_display": "100", "missing_lines": 0, "excluded_lines": 0}, "missing_lines": [], "excluded_lines": [], "functions": {"": {"executed_lines": [1, 4], "summary": {"covered_lines": 1, "num_statements": 1, "percent_covered": 100.0, "percent_covered_display": "100", "missing_lines": 0, "excluded_lines": 0}, "missing_lines": [], "excluded_lines": []}}, "classes": {"": {"executed_lines": [1, 4], "summary": {"covered_lines": 1, "num_statements": 1, "percent_covered": 100.0, "percent_covered_display": "100", "missing_lines": 0, "excluded_lines": 0}, "missing_lines": [], "excluded_lines": []}}}, "src/manifest/__main__.py": {"executed_lines": [1, 5, 6, 7, 9], "summary": {"covered_lines": 4, "num_statements": 9, "percent_covered": 44.44444444444444, "percent_covered_display": "44", "missing_lines": 5, "excluded_lines": 0}, "missing_lines": [11, 12, 15, 18, 19], "excluded_lines": [], "functions": {"": {"executed_lines": [1, 5, 6, 7, 9], "summary": {"covered_lines": 4, "num_statements": 9, "percent_covered": 44.44444444444444, "percent_covered_display": "44", "missing_lines": 5, "excluded_lines": 0}, "missing_lines": [11, 12, 15, 18, 19], "excluded_lines": []}}, "classes": {"": {"executed_lines": [1, 5, 6, 7, 9], "summary": {"covered_lines": 4, "num_statements": 9, "percent_covered": 44.44444444444444, "percent_covered_display": "44", "missing_lines": 5, "excluded_lines": 0}, "missing_lines": [11, 12, 15, 18, 19], "excluded_lines": []}}}, "src/manifest/agents/__init__.py": {"executed_lines": [1, 5, 7], "summary": {"covered_lines": 2, "num_statements": 21, "percent_covered": 9.523809523809524, "percent_covered_display": "10", "missing_lines": 19, "excluded_lines": 0}, "missing_lines": [9, 10, 11, 12, 13, 14, 15, 16, 17, 18, 19, 20, 21, 22, 23, 24, 25, 26, 27], "excluded_lines": [], "functions": {"__getattr__": {"executed_lines": [], "summary": {"covered_lines": 0, "num_statements": 19, "percent_covered": 0.0, "percent_covered_display": "0", "missing_lines": 19, "excluded_lines": 0}, "missing_lines": [9, 10, 11, 12, 13, 14, 15, 16, 17, 18, 19, 20, 21, 22, 23, 24, 25, 26, 27], "excluded_lines": []}, "": {"executed_lines": [1, 5, 7], "summary": {"covered_lines": 2, "num_statements": 2, "percent_covered": 100.0, "percent_covered_display": "100", "missing_lines": 0, "excluded_lines": 0}, "missing_lines": [], "excluded_lines": []}}, "classes": {"": {"executed_lines": [1, 5, 7], "summary": {"covered_lines": 2, "num_statements": 21, "percent_covered": 9.523809523809524, "percent_covered_display": "10", "missing_lines": 19, "excluded_lines": 0}, "missing_lines": [9, 10, 11, 12, 13, 14, 15, 16, 17, 18, 19, 20, 21, 22, 23, 24, 25, 26, 27], "excluded_lines": []}}}, "src/manifest/agents/agent_coordinator.py": {"executed_lines": [1, 14, 15, 16, 17, 18, 19, 20, 21, 22, 23, 24, 25, 27, 30, 31, 59, 80, 81, 82, 83, 84, 85, 88, 89, 90, 93, 94, 97, 101, 104, 107, 108, 111, 112, 118, 119, 121, 128, 132, 147, 150, 153, 156, 163, 164, 170, 171, 173, 175, 210, 211, 212, 213, 348, 603, 634, 817, 831, 834, 835, 837, 839, 844, 846, 848, 849, 850, 856, 858, 860, 862, 865, 866, 868, 887, 888, 889, 890, 892, 894, 896, 898, 899, 901, 966, 983, 999, 1012, 1014, 1029, 1079, 1111, 1134, 1163, 1188, 1218], "summary": {"covered_lines": 95, "num_statements": 451, "percent_covered": 21.06430155210643, "percent_covered_display": "21", "missing_lines": 356, "excluded_lines": 0}, "missing_lines": [98, 99, 115, 129, 130, 216, 217, 222, 225, 226, 228, 231, 234, 237, 238, 239, 240, 243, 244, 245, 248, 249, 250, 252, 253, 254, 263, 265, 267, 277, 278, 279, 288, 296, 302, 303, 304, 305, 308, 311, 319, 320, 321, 329, 336, 342, 343, 344, 346, 379, 382, 386, 387, 396, 399, 400, 401, 402, 404, 406, 407, 416, 418, 419, 422, 423, 424, 425, 426, 429, 430, 431, 433, 434, 435, 436, 437, 438, 441, 442, 443, 444, 447, 448, 451, 454, 456, 457, 458, 461, 465, 466, 469, 470, 471, 476, 479, 482, 483, 485, 486, 488, 489, 492, 493, 496, 497, 505, 506, 507, 508, 509, 510, 513, 516, 517, 518, 519, 520, 522, 523, 524, 525, 527, 528, 529, 531, 532, 533, 534, 535, 536, 537, 538, 541, 542, 543, 544, 547, 548, 549, 550, 553, 554, 564, 572, 580, 587, 595, 612, 622, 623, 625, 626, 627, 628, 629, 630, 632, 655, 656, 658, 660, 663, 664, 665, 666, 667, 668, 669, 672, 673, 674, 675, 678, 679, 680, 682, 684, 685, 686, 688, 689, 691, 694, 699, 700, 701, 702, 703, 705, 707, 709, 710, 711, 712, 713, 714, 715, 716, 719, 720, 721, 722, 724, 725, 726, 727, 730, 731, 732, 733, 734, 736, 738, 739, 740, 741, 742, 743, 746, 747, 748, 749, 752, 753, 754, 756, 758, 763, 764, 765, 766, 768, 769, 770, 771, 772, 774, 775, 778, 783, 784, 785, 786, 787, 789, 791, 792, 793, 794, 795, 796, 797, 800, 801, 805, 806, 807, 808, 809, 810, 811, 812, 813, 815, 832, 841, 851, 852, 853, 863, 870, 871, 872, 884, 917, 919, 922, 925, 928, 929, 930, 931, 936, 937, 938, 941, 942, 943, 944, 949, 950, 951, 952, 953, 954, 955, 957, 962, 964, 981, 996, 997, 1027, 1053, 1055, 1056, 1057, 1058, 1059, 1060, 1061, 1064, 1065, 1066, 1067, 1068, 1069, 1070, 1071, 1072, 1073, 1075, 1101, 1104, 1126, 1129, 1155, 1158, 1179, 1182, 1209, 1212, 1241, 1244, 1245, 1249, 1252, 1253, 1254, 1255, 1256, 1257, 1260, 1261, 1262, 1265, 1267, 1269, 1274, 1277, 1278, 1279, 1281, 1288], "excluded_lines": [], "functions": {"AgentCoordinator.__init__": {"executed_lines": [80, 81, 82, 83, 84, 85, 88, 89, 90, 93, 94, 97, 101, 104, 107, 108, 111, 112, 118, 119], "summary": {"covered_lines": 20, "num_statements": 23, "percent_covered": 86.95652173913044, "percent_covered_display": "87", "missing_lines": 3, "excluded_lines": 0}, "missing_lines": [98, 99, 115], "excluded_lines": []}, "AgentCoordinator.start": {"executed_lines": [128], "summary": {"covered_lines": 1, "num_statements": 3, "percent_covered": 33.333333333333336, "percent_covered_display": "33", "missing_lines": 2, "excluded_lines": 0}, "missing_lines": [129, 130], "excluded_lines": []}, "AgentCoordinator.start_orchestrator": {"executed_lines": [147, 150, 153, 156, 163, 164, 170, 171, 173], "summary": {"covered_lines": 9, "num_statements": 9, "percent_covered": 100.0, "percent_covered_display": "100", "missing_lines": 0, "excluded_lines": 0}, "missing_lines": [], "excluded_lines": []}, "AgentCoordinator.start_worker_agent": {"executed_lines": [210, 211, 212, 213], "summary": {"covered_lines": 4, "num_statements": 48, "percent_covered": 8.333333333333334, "percent_covered_display": "8", "missing_lines": 44, "excluded_lines": 0}, "missing_lines": [216, 217, 222, 225, 226, 228, 231, 234, 237, 238, 239, 240, 243, 244, 245, 248, 249, 250, 252, 253, 254, 263, 265, 267, 277, 278, 279, 288, 296, 302, 303, 304, 305, 308, 311, 319, 320, 321, 329, 336, 342, 343, 344, 346], "excluded_lines": []}, "AgentCoordinator.start_worker_agent_and_wait": {"executed_lines": [], "summary": {"covered_lines": 0, "num_statements": 100, "percent_covered": 0.0, "percent_covered_display": "0", "missing_lines": 100, "excluded_lines": 0}, "missing_lines": [379, 382, 386, 387, 396, 399, 400, 401, 402, 404, 406, 407, 416, 418, 419, 422, 423, 424, 425, 426, 429, 430, 431, 433, 434, 435, 436, 437, 438, 441, 442, 443, 444, 447, 448, 451, 454, 456, 457, 458, 461, 465, 466, 469, 470, 471, 476, 479, 482, 483, 485, 486, 488, 489, 492, 493, 496, 497, 505, 506, 507, 508, 509, 510, 513, 516, 517, 518, 519, 520, 522, 523, 524, 525, 527, 528, 529, 531, 532, 533, 534, 535, 536, 537, 538, 541, 542, 543, 544, 547, 548, 549, 550, 553, 554, 564, 572, 580, 587, 595], "excluded_lines": []}, "AgentCoordinator._get_next_stage": {"executed_lines": [], "summary": {"covered_lines": 0, "num_statements": 10, "percent_covered": 0.0, "percent_covered_display": "0", "missing_lines": 10, "excluded_lines": 0}, "missing_lines": [612, 622, 623, 625, 626, 627, 628, 629, 630, 632], "excluded_lines": []}, "AgentCoordinator._parse_agent_output": {"executed_lines": [], "summary": {"covered_lines": 0, "num_statements": 107, "percent_covered": 0.0, "percent_covered_display": "0", "missing_lines": 107, "excluded_lines": 0}, "missing_lines": [655, 656, 658, 660, 663, 664, 665, 666, 667, 668, 669, 672, 673, 674, 675, 678, 679, 680, 682, 684, 685, 686, 688, 689, 691, 694, 699, 700, 701, 702, 703, 705, 707, 709, 710, 711, 712, 713, 714, 715, 716, 719, 720, 721, 722, 724, 725, 726, 727, 730, 731, 732, 733, 734, 736, 738, 739, 740, 741, 742, 743, 746, 747, 748, 749, 752, 753, 754, 756, 758, 763, 764, 765, 766, 768, 769, 770, 771, 772, 774, 775, 778, 783, 784, 785, 786, 787, 789, 791, 792, 793, 794, 795, 796, 797, 800, 801, 805, 806, 807, 808, 809, 810, 811, 812, 813, 815], "excluded_lines": []}, "AgentCoordinator.stop_agent": {"executed_lines": [831, 834, 835, 837, 839, 844, 846, 848, 849, 850, 856, 858], "summary": {"covered_lines": 12, "num_statements": 17, "percent_covered": 70.58823529411765, "percent_covered_display": "71", "missing_lines": 5, "excluded_lines": 0}, "missing_lines": [832, 841, 851, 852, 853], "excluded_lines": []}, "AgentCoordinator.get_agent_status": {"executed_lines": [862, 865, 866, 868, 887, 888, 889, 890], "summary": {"covered_lines": 8, "num_statements": 13, "percent_covered": 61.53846153846154, "percent_covered_display": "62", "missing_lines": 5, "excluded_lines": 0}, "missing_lines": [863, 870, 871, 872, 884], "excluded_lines": []}, "AgentCoordinator.get_active_agents": {"executed_lines": [894], "summary": {"covered_lines": 1, "num_statements": 1, "percent_covered": 100.0, "percent_covered_display": "100", "missing_lines": 0, "excluded_lines": 0}, "missing_lines": [], "excluded_lines": []}, "AgentCoordinator.get_agent_channel": {"executed_lines": [898, 899], "summary": {"covered_lines": 2, "num_statements": 2, "percent_covered": 100.0, "percent_covered_display": "100", "missing_lines": 0, "excluded_lines": 0}, "missing_lines": [], "excluded_lines": []}, "AgentCoordinator.handle_blueprint_conflict": {"executed_lines": [], "summary": {"covered_lines": 0, "num_statements": 25, "percent_covered": 0.0, "percent_covered_display": "0", "missing_lines": 25, "excluded_lines": 0}, "missing_lines": [917, 919, 922, 925, 928, 929, 930, 931, 936, 937, 938, 941, 942, 943, 944, 949, 950, 951, 952, 953, 954, 955, 957, 962, 964], "excluded_lines": []}, "AgentCoordinator.start_sprint": {"executed_lines": [], "summary": {"covered_lines": 0, "num_statements": 1, "percent_covered": 0.0, "percent_covered_display": "0", "missing_lines": 1, "excluded_lines": 0}, "missing_lines": [981], "excluded_lines": []}, "AgentCoordinator._start_task_worker_squad": {"executed_lines": [], "summary": {"covered_lines": 0, "num_statements": 2, "percent_covered": 0.0, "percent_covered_display": "0", "missing_lines": 2, "excluded_lines": 0}, "missing_lines": [996, 997], "excluded_lines": []}, "AgentCoordinator.execute_worker_squad": {"executed_lines": [1012], "summary": {"covered_lines": 1, "num_statements": 1, "percent_covered": 100.0, "percent_covered_display": "100", "missing_lines": 0, "excluded_lines": 0}, "missing_lines": [], "excluded_lines": []}, "AgentCoordinator._execute_planner_stage": {"executed_lines": [], "summary": {"covered_lines": 0, "num_statements": 1, "percent_covered": 0.0, "percent_covered_display": "0", "missing_lines": 1, "excluded_lines": 0}, "missing_lines": [1027], "excluded_lines": []}, "AgentCoordinator._execute_coder_stage": {"executed_lines": [], "summary": {"covered_lines": 0, "num_statements": 19, "percent_covered": 0.0, "percent_covered_display": "0", "missing_lines": 19, "excluded_lines": 0}, "missing_lines": [1053, 1055, 1056, 1057, 1058, 1059, 1060, 1061, 1064, 1065, 1066, 1067, 1068, 1069, 1070, 1071, 1072, 1073, 1075], "excluded_lines": []}, "AgentCoordinator._execute_tdd_test_stage": {"executed_lines": [], "summary": {"covered_lines": 0, "num_statements": 2, "percent_covered": 0.0, "percent_covered_display": "0", "missing_lines": 2, "excluded_lines": 0}, "missing_lines": [1101, 1104], "excluded_lines": []}, "AgentCoordinator._execute_test_stage": {"executed_lines": [], "summary": {"covered_lines": 0, "num_statements": 2, "percent_covered": 0.0, "percent_covered_display": "0", "missing_lines": 2, "excluded_lines": 0}, "missing_lines": [1126, 1129], "excluded_lines": []}, "AgentCoordinator._execute_debug_stage": {"executed_lines": [], "summary": {"covered_lines": 0, "num_statements": 2, "percent_covered": 0.0, "percent_covered_display": "0", "missing_lines": 2, "excluded_lines": 0}, "missing_lines": [1155, 1158], "excluded_lines": []}, "AgentCoordinator._execute_self_review_stage": {"executed_lines": [], "summary": {"covered_lines": 0, "num_statements": 2, "percent_covered": 0.0, "percent_covered_display": "0", "missing_lines": 2, "excluded_lines": 0}, "missing_lines": [1179, 1182], "excluded_lines": []}, "AgentCoordinator._execute_approver_stage": {"executed_lines": [], "summary": {"covered_lines": 0, "num_statements": 2, "percent_covered": 0.0, "percent_covered_display": "0", "missing_lines": 2, "excluded_lines": 0}, "missing_lines": [1209, 1212], "excluded_lines": []}, "AgentCoordinator.review_project_requirements": {"executed_lines": [], "summary": {"covered_lines": 0, "num_statements": 22, "percent_covered": 0.0, "percent_covered_display": "0", "missing_lines": 22, "excluded_lines": 0}, "missing_lines": [1241, 1244, 1245, 1249, 1252, 1253, 1254, 1255, 1256, 1257, 1260, 1261, 1262, 1265, 1267, 1269, 1274, 1277, 1278, 1279, 1281, 1288], "excluded_lines": []}, "": {"executed_lines": [1, 14, 15, 16, 17, 18, 19, 20, 21, 22, 23, 24, 25, 27, 30, 31, 59, 121, 132, 175, 348, 603, 634, 817, 860, 892, 896, 901, 966, 983, 999, 1014, 1029, 1079, 1111, 1134, 1163, 1188, 1218], "summary": {"covered_lines": 37, "num_statements": 37, "percent_covered": 100.0, "percent_covered_display": "100", "missing_lines": 0, "excluded_lines": 0}, "missing_lines": [], "excluded_lines": []}}, "classes": {"AgentCoordinator": {"executed_lines": [80, 81, 82, 83, 84, 85, 88, 89, 90, 93, 94, 97, 101, 104, 107, 108, 111, 112, 118, 119, 128, 147, 150, 153, 156, 163, 164, 170, 171, 173, 210, 211, 212, 213, 831, 834, 835, 837, 839, 844, 846, 848, 849, 850, 856, 858, 862, 865, 866, 868, 887, 888, 889, 890, 894, 898, 899, 1012], "summary": {"covered_lines": 58, "num_statements": 414, "percent_covered": 14.009661835748792, "percent_covered_display": "14", "missing_lines": 356, "excluded_lines": 0}, "missing_lines": [98, 99, 115, 129, 130, 216, 217, 222, 225, 226, 228, 231, 234, 237, 238, 239, 240, 243, 244, 245, 248, 249, 250, 252, 253, 254, 263, 265, 267, 277, 278, 279, 288, 296, 302, 303, 304, 305, 308, 311, 319, 320, 321, 329, 336, 342, 343, 344, 346, 379, 382, 386, 387, 396, 399, 400, 401, 402, 404, 406, 407, 416, 418, 419, 422, 423, 424, 425, 426, 429, 430, 431, 433, 434, 435, 436, 437, 438, 441, 442, 443, 444, 447, 448, 451, 454, 456, 457, 458, 461, 465, 466, 469, 470, 471, 476, 479, 482, 483, 485, 486, 488, 489, 492, 493, 496, 497, 505, 506, 507, 508, 509, 510, 513, 516, 517, 518, 519, 520, 522, 523, 524, 525, 527, 528, 529, 531, 532, 533, 534, 535, 536, 537, 538, 541, 542, 543, 544, 547, 548, 549, 550, 553, 554, 564, 572, 580, 587, 595, 612, 622, 623, 625, 626, 627, 628, 629, 630, 632, 655, 656, 658, 660, 663, 664, 665, 666, 667, 668, 669, 672, 673, 674, 675, 678, 679, 680, 682, 684, 685, 686, 688, 689, 691, 694, 699, 700, 701, 702, 703, 705, 707, 709, 710, 711, 712, 713, 714, 715, 716, 719, 720, 721, 722, 724, 725, 726, 727, 730, 731, 732, 733, 734, 736, 738, 739, 740, 741, 742, 743, 746, 747, 748, 749, 752, 753, 754, 756, 758, 763, 764, 765, 766, 768, 769, 770, 771, 772, 774, 775, 778, 783, 784, 785, 786, 787, 789, 791, 792, 793, 794, 795, 796, 797, 800, 801, 805, 806, 807, 808, 809, 810, 811, 812, 813, 815, 832, 841, 851, 852, 853, 863, 870, 871, 872, 884, 917, 919, 922, 925, 928, 929, 930, 931, 936, 937, 938, 941, 942, 943, 944, 949, 950, 951, 952, 953, 954, 955, 957, 962, 964, 981, 996, 997, 1027, 1053, 1055, 1056, 1057, 1058, 1059, 1060, 1061, 1064, 1065, 1066, 1067, 1068, 1069, 1070, 1071, 1072, 1073, 1075, 1101, 1104, 1126, 1129, 1155, 1158, 1179, 1182, 1209, 1212, 1241, 1244, 1245, 1249, 1252, 1253, 1254, 1255, 1256, 1257, 1260, 1261, 1262, 1265, 1267, 1269, 1274, 1277, 1278, 1279, 1281, 1288], "excluded_lines": []}, "": {"executed_lines": [1, 14, 15, 16, 17, 18, 19, 20, 21, 22, 23, 24, 25, 27, 30, 31, 59, 121, 132, 175, 348, 603, 634, 817, 860, 892, 896, 901, 966, 983, 999, 1014, 1029, 1079, 1111, 1134, 1163, 1188, 1218], "summary": {"covered_lines": 37, "num_statements": 37, "percent_covered": 100.0, "percent_covered_display": "100", "missing_lines": 0, "excluded_lines": 0}, "missing_lines": [], "excluded_lines": []}}}, "src/manifest/agents/agent_message_bus.py": {"executed_lines": [1, 15, 16, 17, 18, 19, 21, 24, 25, 26, 27, 28, 29, 30, 33, 34, 35, 50, 51, 52, 53, 54, 55, 56, 57, 58, 59, 60, 62, 64, 79, 80, 98, 100, 101, 102, 103, 104, 105, 106, 107, 109, 123, 131, 132, 133, 135, 137, 143, 144, 145, 148, 149, 150, 151, 153, 154, 156, 168, 169, 170, 171, 173, 184, 185, 186, 187, 188, 189, 193, 215, 216, 217, 219, 220, 223, 224, 225, 227, 240, 241, 242, 245, 247, 249, 272, 275, 276, 279, 288, 289, 290, 293, 294, 295, 297, 299, 301, 302, 303, 304, 310, 328, 329, 330, 332, 334, 341, 342, 343, 344, 346, 348, 354, 357, 359, 360, 361, 363, 364, 365, 367, 370, 372, 373, 374, 375, 377, 378, 379, 382, 383, 385, 392, 395, 396, 398, 399, 400, 401, 403, 404, 405, 410, 412, 428, 430, 431, 436, 437, 440, 442, 448], "summary": {"covered_lines": 149, "num_statements": 157, "percent_covered": 94.90445859872611, "percent_covered_display": "95", "missing_lines": 8, "excluded_lines": 0}, "missing_lines": [190, 191, 300, 305, 306, 307, 308, 393], "excluded_lines": [], "functions": {"AgentMessage.to_dict": {"executed_lines": [64], "summary": {"covered_lines": 1, "num_statements": 1, "percent_covered": 100.0, "percent_covered_display": "100", "missing_lines": 0, "excluded_lines": 0}, "missing_lines": [], "excluded_lines": []}, "AgentMessageBus.__init__": {"executed_lines": [100, 101, 102, 103, 104, 105, 106, 107], "summary": {"covered_lines": 8, "num_statements": 8, "percent_covered": 100.0, "percent_covered_display": "100", "missing_lines": 0, "excluded_lines": 0}, "missing_lines": [], "excluded_lines": []}, "AgentMessageBus.register_agent": {"executed_lines": [123, 131, 132, 133, 135], "summary": {"covered_lines": 5, "num_statements": 5, "percent_covered": 100.0, "percent_covered_display": "100", "missing_lines": 0, "excluded_lines": 0}, "missing_lines": [], "excluded_lines": []}, "AgentMessageBus.unregister_agent": {"executed_lines": [143, 144, 145, 148, 149, 150, 151, 153, 154], "summary": {"covered_lines": 9, "num_statements": 9, "percent_covered": 100.0, "percent_covered_display": "100", "missing_lines": 0, "excluded_lines": 0}, "missing_lines": [], "excluded_lines": []}, "AgentMessageBus.subscribe_to_subject": {"executed_lines": [168, 169, 170, 171], "summary": {"covered_lines": 4, "num_statements": 4, "percent_covered": 100.0, "percent_covered_display": "100", "missing_lines": 0, "excluded_lines": 0}, "missing_lines": [], "excluded_lines": []}, "AgentMessageBus.unsubscribe_from_subject": {"executed_lines": [184, 185, 186, 187, 188, 189], "summary": {"covered_lines": 6, "num_statements": 8, "percent_covered": 75.0, "percent_covered_display": "75", "missing_lines": 2, "excluded_lines": 0}, "missing_lines": [190, 191], "excluded_lines": []}, "AgentMessageBus.send_message": {"executed_lines": [215, 216, 217, 219, 220, 223, 224, 225, 227, 240, 241, 242, 245, 247], "summary": {"covered_lines": 14, "num_statements": 14, "percent_covered": 100.0, "percent_covered_display": "100", "missing_lines": 0, "excluded_lines": 0}, "missing_lines": [], "excluded_lines": []}, "AgentMessageBus.request": {"executed_lines": [272, 275, 276, 279, 288, 289, 290, 293, 294, 295, 297, 299, 301, 302, 303, 304], "summary": {"covered_lines": 16, "num_statements": 21, "percent_covered": 76.19047619047619, "percent_covered_display": "76", "missing_lines": 5, "excluded_lines": 0}, "missing_lines": [300, 305, 306, 307, 308], "excluded_lines": []}, "AgentMessageBus.respond": {"executed_lines": [328, 329, 330, 332, 334, 341, 342, 343, 344, 346], "summary": {"covered_lines": 10, "num_statements": 10, "percent_covered": 100.0, "percent_covered_display": "100", "missing_lines": 0, "excluded_lines": 0}, "missing_lines": [], "excluded_lines": []}, "AgentMessageBus._route_message": {"executed_lines": [354, 357, 359, 360, 361, 363, 364, 365, 367, 370, 372, 373, 374, 375, 377, 378, 379, 382, 383], "summary": {"covered_lines": 19, "num_statements": 19, "percent_covered": 100.0, "percent_covered_display": "100", "missing_lines": 0, "excluded_lines": 0}, "missing_lines": [], "excluded_lines": []}, "AgentMessageBus._deliver_message": {"executed_lines": [392, 395, 396, 398, 399, 400, 401, 403, 404, 405, 410], "summary": {"covered_lines": 11, "num_statements": 12, "percent_covered": 91.66666666666667, "percent_covered_display": "92", "missing_lines": 1, "excluded_lines": 0}, "missing_lines": [393], "excluded_lines": []}, "AgentMessageBus.get_message_history": {"executed_lines": [428, 430, 431, 436, 437, 440], "summary": {"covered_lines": 6, "num_statements": 6, "percent_covered": 100.0, "percent_covered_display": "100", "missing_lines": 0, "excluded_lines": 0}, "missing_lines": [], "excluded_lines": []}, "AgentMessageBus.get_registered_agents": {"executed_lines": [448], "summary": {"covered_lines": 1, "num_statements": 1, "percent_covered": 100.0, "percent_covered_display": "100", "missing_lines": 0, "excluded_lines": 0}, "missing_lines": [], "excluded_lines": []}, "": {"executed_lines": [1, 15, 16, 17, 18, 19, 21, 24, 25, 26, 27, 28, 29, 30, 33, 34, 35, 50, 51, 52, 53, 54, 55, 56, 57, 58, 59, 60, 62, 79, 80, 98, 109, 137, 156, 173, 193, 249, 310, 348, 385, 412, 442], "summary": {"covered_lines": 39, "num_statements": 39, "percent_covered": 100.0, "percent_covered_display": "100", "missing_lines": 0, "excluded_lines": 0}, "missing_lines": [], "excluded_lines": []}}, "classes": {"MessageType": {"executed_lines": [], "summary": {"covered_lines": 0, "num_statements": 0, "percent_covered": 100.0, "percent_covered_display": "100", "missing_lines": 0, "excluded_lines": 0}, "missing_lines": [], "excluded_lines": []}, "AgentMessage": {"executed_lines": [64], "summary": {"covered_lines": 1, "num_statements": 1, "percent_covered": 100.0, "percent_covered_display": "100", "missing_lines": 0, "excluded_lines": 0}, "missing_lines": [], "excluded_lines": []}, "AgentMessageBus": {"executed_lines": [100, 101, 102, 103, 104, 105, 106, 107, 123, 131, 132, 133, 135, 143, 144, 145, 148, 149, 150, 151, 153, 154, 168, 169, 170, 171, 184, 185, 186, 187, 188, 189, 215, 216, 217, 219, 220, 223, 224, 225, 227, 240, 241, 242, 245, 247, 272, 275, 276, 279, 288, 289, 290, 293, 294, 295, 297, 299, 301, 302, 303, 304, 328, 329, 330, 332, 334, 341, 342, 343, 344, 346, 354, 357, 359, 360, 361, 363, 364, 365, 367, 370, 372, 373, 374, 375, 377, 378, 379, 382, 383, 392, 395, 396, 398, 399, 400, 401, 403, 404, 405, 410, 428, 430, 431, 436, 437, 440, 448], "summary": {"covered_lines": 109, "num_statements": 117, "percent_covered": 93.16239316239316, "percent_covered_display": "93", "missing_lines": 8, "excluded_lines": 0}, "missing_lines": [190, 191, 300, 305, 306, 307, 308, 393], "excluded_lines": []}, "": {"executed_lines": [1, 15, 16, 17, 18, 19, 21, 24, 25, 26, 27, 28, 29, 30, 33, 34, 35, 50, 51, 52, 53, 54, 55, 56, 57, 58, 59, 60, 62, 79, 80, 98, 109, 137, 156, 173, 193, 249, 310, 348, 385, 412, 442], "summary": {"covered_lines": 39, "num_statements": 39, "percent_covered": 100.0, "percent_covered_display": "100", "missing_lines": 0, "excluded_lines": 0}, "missing_lines": [], "excluded_lines": []}}}, "src/manifest/agents/container_api.py": {"executed_lines": [1, 5, 6, 7, 8, 9, 10, 11, 14, 15, 27, 28, 29, 30, 31, 34, 35, 44, 45, 49, 50, 53], "summary": {"covered_lines": 19, "num_statements": 56, "percent_covered": 33.92857142857143, "percent_covered_display": "34", "missing_lines": 37, "excluded_lines": 0}, "missing_lines": [63, 66, 74, 75, 77, 79, 80, 82, 83, 86, 87, 89, 91, 92, 104, 105, 108, 109, 110, 111, 114, 115, 118, 119, 121, 123, 124, 126, 127, 129, 130, 132, 136, 138, 139, 141, 143], "excluded_lines": [], "functions": {"create_container_api": {"executed_lines": [], "summary": {"covered_lines": 0, "num_statements": 13, "percent_covered": 0.0, "percent_covered_display": "0", "missing_lines": 13, "excluded_lines": 0}, "missing_lines": [63, 66, 74, 75, 91, 92, 123, 124, 129, 130, 138, 139, 143], "excluded_lines": []}, "create_container_api.post_message": {"executed_lines": [], "summary": {"covered_lines": 0, "num_statements": 8, "percent_covered": 0.0, "percent_covered_display": "0", "missing_lines": 8, "excluded_lines": 0}, "missing_lines": [77, 79, 80, 82, 83, 86, 87, 89], "excluded_lines": []}, "create_container_api.get_messages": {"executed_lines": [], "summary": {"covered_lines": 0, "num_statements": 11, "percent_covered": 0.0, "percent_covered_display": "0", "missing_lines": 11, "excluded_lines": 0}, "missing_lines": [104, 105, 108, 109, 110, 111, 114, 115, 118, 119, 121], "excluded_lines": []}, "create_container_api.get_agent_status": {"executed_lines": [], "summary": {"covered_lines": 0, "num_statements": 2, "percent_covered": 0.0, "percent_covered_display": "0", "missing_lines": 2, "excluded_lines": 0}, "missing_lines": [126, 127], "excluded_lines": []}, "create_container_api.update_agent_status": {"executed_lines": [], "summary": {"covered_lines": 0, "num_statements": 2, "percent_covered": 0.0, "percent_covered_display": "0", "missing_lines": 2, "excluded_lines": 0}, "missing_lines": [132, 136], "excluded_lines": []}, "create_container_api.health_check": {"executed_lines": [], "summary": {"covered_lines": 0, "num_statements": 1, "percent_covered": 0.0, "percent_covered_display": "0", "missing_lines": 1, "excluded_lines": 0}, "missing_lines": [141], "excluded_lines": []}, "": {"executed_lines": [1, 5, 6, 7, 8, 9, 10, 11, 14, 15, 27, 28, 29, 30, 31, 34, 35, 44, 45, 49, 50, 53], "summary": {"covered_lines": 19, "num_statements": 19, "percent_covered": 100.0, "percent_covered_display": "100", "missing_lines": 0, "excluded_lines": 0}, "missing_lines": [], "excluded_lines": []}}, "classes": {"Message": {"executed_lines": [], "summary": {"covered_lines": 0, "num_statements": 0, "percent_covered": 100.0, "percent_covered_display": "100", "missing_lines": 0, "excluded_lines": 0}, "missing_lines": [], "excluded_lines": []}, "MessageResponse": {"executed_lines": [], "summary": {"covered_lines": 0, "num_statements": 0, "percent_covered": 100.0, "percent_covered_display": "100", "missing_lines": 0, "excluded_lines": 0}, "missing_lines": [], "excluded_lines": []}, "": {"executed_lines": [1, 5, 6, 7, 8, 9, 10, 11, 14, 15, 27, 28, 29, 30, 31, 34, 35, 44, 45, 49, 50, 53], "summary": {"covered_lines": 19, "num_statements": 56, "percent_covered": 33.92857142857143, "percent_covered_display": "34", "missing_lines": 37, "excluded_lines": 0}, "missing_lines": [63, 66, 74, 75, 77, 79, 80, 82, 83, 86, 87, 89, 91, 92, 104, 105, 108, 109, 110, 111, 114, 115, 118, 119, 121, 123, 124, 126, 127, 129, 130, 132, 136, 138, 139, 141, 143], "excluded_lines": []}}}, "src/manifest/agents/container_communication.py": {"executed_lines": [1, 5, 6, 7, 8, 9, 10, 11, 12, 14, 17, 18, 23, 31, 32, 33, 34, 35, 36, 38, 40, 41, 43, 45, 46, 47, 49, 66, 69, 77, 78, 82, 89, 109, 142, 184, 207, 237, 238, 243, 255, 256, 257, 258, 260, 262, 263, 265, 267, 268, 269, 270, 271, 272, 274, 285, 300], "summary": {"covered_lines": 54, "num_statements": 152, "percent_covered": 35.526315789473685, "percent_covered_display": "36", "missing_lines": 98, "excluded_lines": 0}, "missing_lines": [67, 83, 84, 86, 87, 101, 102, 103, 106, 107, 112, 114, 116, 117, 118, 121, 122, 125, 126, 127, 128, 129, 131, 132, 133, 135, 136, 137, 138, 139, 140, 159, 160, 162, 163, 164, 165, 166, 167, 168, 169, 171, 177, 178, 179, 180, 182, 199, 220, 221, 223, 224, 229, 230, 231, 232, 234, 277, 278, 279, 280, 281, 282, 283, 288, 291, 302, 303, 304, 305, 307, 308, 311, 312, 315, 316, 317, 320, 321, 323, 324, 327, 328, 329, 331, 332, 333, 334, 336, 337, 339, 342, 343, 345, 346, 348, 351, 352], "excluded_lines": [], "functions": {"ContainerMessageBus.__init__": {"executed_lines": [31, 32, 33, 34, 35, 36], "summary": {"covered_lines": 6, "num_statements": 6, "percent_covered": 100.0, "percent_covered_display": "100", "missing_lines": 0, "excluded_lines": 0}, "missing_lines": [], "excluded_lines": []}, "ContainerMessageBus.connect": {"executed_lines": [40, 41], "summary": {"covered_lines": 2, "num_statements": 2, "percent_covered": 100.0, "percent_covered_display": "100", "missing_lines": 0, "excluded_lines": 0}, "missing_lines": [], "excluded_lines": []}, "ContainerMessageBus.disconnect": {"executed_lines": [45, 46, 47], "summary": {"covered_lines": 3, "num_statements": 3, "percent_covered": 100.0, "percent_covered_display": "100", "missing_lines": 0, "excluded_lines": 0}, "missing_lines": [], "excluded_lines": []}, "ContainerMessageBus.send_message": {"executed_lines": [66, 69, 77, 78, 82], "summary": {"covered_lines": 5, "num_statements": 10, "percent_covered": 50.0, "percent_covered_display": "50", "missing_lines": 5, "excluded_lines": 0}, "missing_lines": [67, 83, 84, 86, 87], "excluded_lines": []}, "ContainerMessageBus.subscribe": {"executed_lines": [], "summary": {"covered_lines": 0, "num_statements": 5, "percent_covered": 0.0, "percent_covered_display": "0", "missing_lines": 5, "excluded_lines": 0}, "missing_lines": [101, 102, 103, 106, 107], "excluded_lines": []}, "ContainerMessageBus._poll_messages": {"executed_lines": [], "summary": {"covered_lines": 0, "num_statements": 21, "percent_covered": 0.0, "percent_covered_display": "0", "missing_lines": 21, "excluded_lines": 0}, "missing_lines": [112, 114, 116, 117, 118, 121, 122, 125, 126, 127, 128, 129, 131, 132, 133, 135, 136, 137, 138, 139, 140], "excluded_lines": []}, "ContainerMessageBus.receive_messages": {"executed_lines": [], "summary": {"covered_lines": 0, "num_statements": 16, "percent_covered": 0.0, "percent_covered_display": "0", "missing_lines": 16, "excluded_lines": 0}, "missing_lines": [159, 160, 162, 163, 164, 165, 166, 167, 168, 169, 171, 177, 178, 179, 180, 182], "excluded_lines": []}, "ContainerMessageBus.broadcast_state_update": {"executed_lines": [], "summary": {"covered_lines": 0, "num_statements": 1, "percent_covered": 0.0, "percent_covered_display": "0", "missing_lines": 1, "excluded_lines": 0}, "missing_lines": [199], "excluded_lines": []}, "ContainerMessageBus.request_agent_status": {"executed_lines": [], "summary": {"covered_lines": 0, "num_statements": 9, "percent_covered": 0.0, "percent_covered_display": "0", "missing_lines": 9, "excluded_lines": 0}, "missing_lines": [220, 221, 223, 224, 229, 230, 231, 232, 234], "excluded_lines": []}, "ContainerStateSync.__init__": {"executed_lines": [255, 256, 257, 258], "summary": {"covered_lines": 4, "num_statements": 4, "percent_covered": 100.0, "percent_covered_display": "100", "missing_lines": 0, "excluded_lines": 0}, "missing_lines": [], "excluded_lines": []}, "ContainerStateSync.start": {"executed_lines": [262, 263], "summary": {"covered_lines": 2, "num_statements": 2, "percent_covered": 100.0, "percent_covered_display": "100", "missing_lines": 0, "excluded_lines": 0}, "missing_lines": [], "excluded_lines": []}, "ContainerStateSync.stop": {"executed_lines": [267, 268, 269, 270, 271, 272], "summary": {"covered_lines": 6, "num_statements": 6, "percent_covered": 100.0, "percent_covered_display": "100", "missing_lines": 0, "excluded_lines": 0}, "missing_lines": [], "excluded_lines": []}, "ContainerStateSync._sync_loop": {"executed_lines": [], "summary": {"covered_lines": 0, "num_statements": 7, "percent_covered": 0.0, "percent_covered_display": "0", "missing_lines": 7, "excluded_lines": 0}, "missing_lines": [277, 278, 279, 280, 281, 282, 283], "excluded_lines": []}, "ContainerStateSync._sync_state": {"executed_lines": [], "summary": {"covered_lines": 0, "num_statements": 2, "percent_covered": 0.0, "percent_covered_display": "0", "missing_lines": 2, "excluded_lines": 0}, "missing_lines": [288, 291], "excluded_lines": []}, "ContainerStateSync._handle_state_update": {"executed_lines": [], "summary": {"covered_lines": 0, "num_statements": 32, "percent_covered": 0.0, "percent_covered_display": "0", "missing_lines": 32, "excluded_lines": 0}, "missing_lines": [302, 303, 304, 305, 307, 308, 311, 312, 315, 316, 317, 320, 321, 323, 324, 327, 328, 329, 331, 332, 333, 334, 336, 337, 339, 342, 343, 345, 346, 348, 351, 352], "excluded_lines": []}, "": {"executed_lines": [1, 5, 6, 7, 8, 9, 10, 11, 12, 14, 17, 18, 23, 38, 43, 49, 89, 109, 142, 184, 207, 237, 238, 243, 260, 265, 274, 285, 300], "summary": {"covered_lines": 26, "num_statements": 26, "percent_covered": 100.0, "percent_covered_display": "100", "missing_lines": 0, "excluded_lines": 0}, "missing_lines": [], "excluded_lines": []}}, "classes": {"ContainerMessageBus": {"executed_lines": [31, 32, 33, 34, 35, 36, 40, 41, 45, 46, 47, 66, 69, 77, 78, 82], "summary": {"covered_lines": 16, "num_statements": 73, "percent_covered": 21.91780821917808, "percent_covered_display": "22", "missing_lines": 57, "excluded_lines": 0}, "missing_lines": [67, 83, 84, 86, 87, 101, 102, 103, 106, 107, 112, 114, 116, 117, 118, 121, 122, 125, 126, 127, 128, 129, 131, 132, 133, 135, 136, 137, 138, 139, 140, 159, 160, 162, 163, 164, 165, 166, 167, 168, 169, 171, 177, 178, 179, 180, 182, 199, 220, 221, 223, 224, 229, 230, 231, 232, 234], "excluded_lines": []}, "ContainerStateSync": {"executed_lines": [255, 256, 257, 258, 262, 263, 267, 268, 269, 270, 271, 272], "summary": {"covered_lines": 12, "num_statements": 53, "percent_covered": 22.641509433962263, "percent_covered_display": "23", "missing_lines": 41, "excluded_lines": 0}, "missing_lines": [277, 278, 279, 280, 281, 282, 283, 288, 291, 302, 303, 304, 305, 307, 308, 311, 312, 315, 316, 317, 320, 321, 323, 324, 327, 328, 329, 331, 332, 333, 334, 336, 337, 339, 342, 343, 345, 346, 348, 351, 352], "excluded_lines": []}, "": {"executed_lines": [1, 5, 6, 7, 8, 9, 10, 11, 12, 14, 17, 18, 23, 38, 43, 49, 89, 109, 142, 184, 207, 237, 238, 243, 260, 265, 274, 285, 300], "summary": {"covered_lines": 26, "num_statements": 26, "percent_covered": 100.0, "percent_covered_display": "100", "missing_lines": 0, "excluded_lines": 0}, "missing_lines": [], "excluded_lines": []}}}, "src/manifest/agents/container_manager.py": {"executed_lines": [1, 11, 12, 13, 14, 15, 16, 17, 19, 22, 23, 41, 52, 53, 56, 57, 58, 59, 61, 62, 65, 66, 68, 74, 76, 105, 108, 111, 121, 128, 130, 131, 132, 143, 148, 165, 166, 175, 176, 177, 180, 189, 194, 207, 210, 213, 214, 215, 216, 218, 223, 231, 232, 237, 250, 251, 275, 299, 338, 342], "summary": {"covered_lines": 58, "num_statements": 114, "percent_covered": 50.87719298245614, "percent_covered_display": "51", "missing_lines": 56, "excluded_lines": 0}, "missing_lines": [54, 55, 106, 133, 134, 141, 144, 145, 190, 191, 192, 208, 211, 219, 220, 233, 234, 235, 253, 254, 256, 257, 258, 260, 262, 271, 272, 273, 287, 288, 289, 291, 292, 294, 295, 296, 297, 316, 317, 319, 320, 322, 323, 324, 326, 327, 330, 331, 332, 333, 334, 335, 336, 340, 344, 345], "excluded_lines": [], "functions": {"ContainerManager.__init__": {"executed_lines": [52, 53, 56, 57, 58, 59, 61, 62, 65, 66], "summary": {"covered_lines": 10, "num_statements": 12, "percent_covered": 83.33333333333333, "percent_covered_display": "83", "missing_lines": 2, "excluded_lines": 0}, "missing_lines": [54, 55], "excluded_lines": []}, "ContainerManager.is_docker_available": {"executed_lines": [74], "summary": {"covered_lines": 1, "num_statements": 1, "percent_covered": 100.0, "percent_covered_display": "100", "missing_lines": 0, "excluded_lines": 0}, "missing_lines": [], "excluded_lines": []}, "ContainerManager.start_agent_container": {"executed_lines": [105, 108, 111, 121, 128, 130, 131, 132, 143, 148, 165, 166, 175, 176, 177, 180, 189], "summary": {"covered_lines": 17, "num_statements": 26, "percent_covered": 65.38461538461539, "percent_covered_display": "65", "missing_lines": 9, "excluded_lines": 0}, "missing_lines": [106, 133, 134, 141, 144, 145, 190, 191, 192], "excluded_lines": []}, "ContainerManager.stop_agent_container": {"executed_lines": [207, 210, 213, 214, 215, 216, 218, 223, 231, 232], "summary": {"covered_lines": 10, "num_statements": 17, "percent_covered": 58.8235294117647, "percent_covered_display": "59", "missing_lines": 7, "excluded_lines": 0}, "missing_lines": [208, 211, 219, 220, 233, 234, 235], "excluded_lines": []}, "ContainerManager.get_container_status": {"executed_lines": [250, 251], "summary": {"covered_lines": 2, "num_statements": 12, "percent_covered": 16.666666666666668, "percent_covered_display": "17", "missing_lines": 10, "excluded_lines": 0}, "missing_lines": [253, 254, 256, 257, 258, 260, 262, 271, 272, 273], "excluded_lines": []}, "ContainerManager._calculate_cpu_percent": {"executed_lines": [], "summary": {"covered_lines": 0, "num_statements": 9, "percent_covered": 0.0, "percent_covered_display": "0", "missing_lines": 9, "excluded_lines": 0}, "missing_lines": [287, 288, 289, 291, 292, 294, 295, 296, 297], "excluded_lines": []}, "ContainerManager.get_container_logs": {"executed_lines": [], "summary": {"covered_lines": 0, "num_statements": 16, "percent_covered": 0.0, "percent_covered_display": "0", "missing_lines": 16, "excluded_lines": 0}, "missing_lines": [316, 317, 319, 320, 322, 323, 324, 326, 327, 330, 331, 332, 333, 334, 335, 336], "excluded_lines": []}, "ContainerManager.list_active_containers": {"executed_lines": [], "summary": {"covered_lines": 0, "num_statements": 1, "percent_covered": 0.0, "percent_covered_display": "0", "missing_lines": 1, "excluded_lines": 0}, "missing_lines": [340], "excluded_lines": []}, "ContainerManager.cleanup_all": {"executed_lines": [], "summary": {"covered_lines": 0, "num_statements": 2, "percent_covered": 0.0, "percent_covered_display": "0", "missing_lines": 2, "excluded_lines": 0}, "missing_lines": [344, 345], "excluded_lines": []}, "": {"executed_lines": [1, 11, 12, 13, 14, 15, 16, 17, 19, 22, 23, 41, 68, 76, 194, 237, 275, 299, 338, 342], "summary": {"covered_lines": 18, "num_statements": 18, "percent_covered": 100.0, "percent_covered_display": "100", "missing_lines": 0, "excluded_lines": 0}, "missing_lines": [], "excluded_lines": []}}, "classes": {"ContainerManager": {"executed_lines": [52, 53, 56, 57, 58, 59, 61, 62, 65, 66, 74, 105, 108, 111, 121, 128, 130, 131, 132, 143, 148, 165, 166, 175, 176, 177, 180, 189, 207, 210, 213, 214, 215, 216, 218, 223, 231, 232, 250, 251], "summary": {"covered_lines": 40, "num_statements": 96, "percent_covered": 41.666666666666664, "percent_covered_display": "42", "missing_lines": 56, "excluded_lines": 0}, "missing_lines": [54, 55, 106, 133, 134, 141, 144, 145, 190, 191, 192, 208, 211, 219, 220, 233, 234, 235, 253, 254, 256, 257, 258, 260, 262, 271, 272, 273, 287, 288, 289, 291, 292, 294, 295, 296, 297, 316, 317, 319, 320, 322, 323, 324, 326, 327, 330, 331, 332, 333, 334, 335, 336, 340, 344, 345], "excluded_lines": []}, "": {"executed_lines": [1, 11, 12, 13, 14, 15, 16, 17, 19, 22, 23, 41, 68, 76, 194, 237, 275, 299, 338, 342], "summary": {"covered_lines": 18, "num_statements": 18, "percent_covered": 100.0, "percent_covered_display": "100", "missing_lines": 0, "excluded_lines": 0}, "missing_lines": [], "excluded_lines": []}}}, "src/manifest/agents/context_provider.py": {"executed_lines": [1, 19, 20, 21, 22, 23, 24, 25, 26, 27, 29, 32, 33, 51, 64, 65, 66, 67, 68, 69, 70, 71, 72, 74, 89, 90, 96, 106, 113, 115, 140, 143, 150, 163, 180, 182, 192, 193, 194, 195, 196, 215, 217, 220, 227, 230, 231, 233, 235, 237, 238, 241, 242, 245, 246, 252, 253, 254, 263, 264, 272, 279, 281, 282, 284, 304, 310, 457, 463, 524], "summary": {"covered_lines": 68, "num_statements": 201, "percent_covered": 33.830845771144276, "percent_covered_display": "34", "missing_lines": 133, "excluded_lines": 0}, "missing_lines": [164, 165, 166, 167, 169, 170, 176, 177, 178, 201, 202, 208, 221, 222, 223, 224, 225, 255, 259, 260, 285, 286, 287, 289, 290, 291, 296, 297, 329, 330, 331, 338, 350, 352, 354, 356, 357, 358, 359, 361, 363, 364, 366, 367, 369, 370, 371, 372, 375, 376, 377, 378, 379, 380, 382, 383, 389, 391, 392, 393, 395, 396, 397, 399, 401, 402, 403, 405, 406, 407, 409, 411, 412, 414, 415, 416, 418, 419, 421, 423, 424, 426, 427, 428, 430, 431, 433, 434, 437, 438, 439, 440, 441, 442, 444, 445, 451, 452, 453, 455, 461, 478, 480, 482, 493, 494, 497, 500, 501, 502, 505, 506, 507, 509, 522, 526, 531, 532, 533, 534, 535, 536, 537, 538, 539, 540, 541, 542, 543, 544, 545, 546, 548], "excluded_lines": [], "functions": {"ContextProvider.__init__": {"executed_lines": [64, 65, 66, 67, 68, 69, 70, 71, 72], "summary": {"covered_lines": 9, "num_statements": 9, "percent_covered": 100.0, "percent_covered_display": "100", "missing_lines": 0, "excluded_lines": 0}, "missing_lines": [], "excluded_lines": []}, "ContextProvider.get_skills_context": {"executed_lines": [89, 90], "summary": {"covered_lines": 2, "num_statements": 2, "percent_covered": 100.0, "percent_covered_display": "100", "missing_lines": 0, "excluded_lines": 0}, "missing_lines": [], "excluded_lines": []}, "ContextProvider.get_orchestrator_context": {"executed_lines": [106, 113], "summary": {"covered_lines": 2, "num_statements": 2, "percent_covered": 100.0, "percent_covered_display": "100", "missing_lines": 0, "excluded_lines": 0}, "missing_lines": [], "excluded_lines": []}, "ContextProvider.get_worker_context": {"executed_lines": [140, 143, 150, 163, 180], "summary": {"covered_lines": 5, "num_statements": 14, "percent_covered": 35.714285714285715, "percent_covered_display": "36", "missing_lines": 9, "excluded_lines": 0}, "missing_lines": [164, 165, 166, 167, 169, 170, 176, 177, 178], "excluded_lines": []}, "ContextProvider._load_tier_0": {"executed_lines": [192, 193, 194, 195, 196], "summary": {"covered_lines": 5, "num_statements": 8, "percent_covered": 62.5, "percent_covered_display": "62", "missing_lines": 3, "excluded_lines": 0}, "missing_lines": [201, 202, 208], "excluded_lines": []}, "ContextProvider._load_tier_1": {"executed_lines": [217, 220, 227, 230, 231, 233], "summary": {"covered_lines": 6, "num_statements": 11, "percent_covered": 54.54545454545455, "percent_covered_display": "55", "missing_lines": 5, "excluded_lines": 0}, "missing_lines": [221, 222, 223, 224, 225], "excluded_lines": []}, "ContextProvider._load_tier_2_scoped": {"executed_lines": [237, 238, 241, 242, 245, 246, 252, 253, 254, 263, 264, 272], "summary": {"covered_lines": 12, "num_statements": 15, "percent_covered": 80.0, "percent_covered_display": "80", "missing_lines": 3, "excluded_lines": 0}, "missing_lines": [255, 259, 260], "excluded_lines": []}, "ContextProvider._load_tier_3_scoped": {"executed_lines": [281, 282, 284, 304], "summary": {"covered_lines": 4, "num_statements": 12, "percent_covered": 33.333333333333336, "percent_covered_display": "33", "missing_lines": 8, "excluded_lines": 0}, "missing_lines": [285, 286, 287, 289, 290, 291, 296, 297], "excluded_lines": []}, "ContextProvider.get_stage_specific_context": {"executed_lines": [], "summary": {"covered_lines": 0, "num_statements": 72, "percent_covered": 0.0, "percent_covered_display": "0", "missing_lines": 72, "excluded_lines": 0}, "missing_lines": [329, 330, 331, 338, 350, 352, 354, 356, 357, 358, 359, 361, 363, 364, 366, 367, 369, 370, 371, 372, 375, 376, 377, 378, 379, 380, 382, 383, 389, 391, 392, 393, 395, 396, 397, 399, 401, 402, 403, 405, 406, 407, 409, 411, 412, 414, 415, 416, 418, 419, 421, 423, 424, 426, 427, 428, 430, 431, 433, 434, 437, 438, 439, 440, 441, 442, 444, 445, 451, 452, 453, 455], "excluded_lines": []}, "ContextProvider._get_task_description": {"executed_lines": [], "summary": {"covered_lines": 0, "num_statements": 1, "percent_covered": 0.0, "percent_covered_display": "0", "missing_lines": 1, "excluded_lines": 0}, "missing_lines": [461], "excluded_lines": []}, "ContextProvider.get_sprint_context": {"executed_lines": [], "summary": {"covered_lines": 0, "num_statements": 14, "percent_covered": 0.0, "percent_covered_display": "0", "missing_lines": 14, "excluded_lines": 0}, "missing_lines": [478, 480, 482, 493, 494, 497, 500, 501, 502, 505, 506, 507, 509, 522], "excluded_lines": []}, "ContextProvider.get_context_summary": {"executed_lines": [], "summary": {"covered_lines": 0, "num_statements": 18, "percent_covered": 0.0, "percent_covered_display": "0", "missing_lines": 18, "excluded_lines": 0}, "missing_lines": [526, 531, 532, 533, 534, 535, 536, 537, 538, 539, 540, 541, 542, 543, 544, 545, 546, 548], "excluded_lines": []}, "": {"executed_lines": [1, 19, 20, 21, 22, 23, 24, 25, 26, 27, 29, 32, 33, 51, 74, 96, 115, 182, 215, 235, 279, 310, 457, 463, 524], "summary": {"covered_lines": 23, "num_statements": 23, "percent_covered": 100.0, "percent_covered_display": "100", "missing_lines": 0, "excluded_lines": 0}, "missing_lines": [], "excluded_lines": []}}, "classes": {"ContextProvider": {"executed_lines": [64, 65, 66, 67, 68, 69, 70, 71, 72, 89, 90, 106, 113, 140, 143, 150, 163, 180, 192, 193, 194, 195, 196, 217, 220, 227, 230, 231, 233, 237, 238, 241, 242, 245, 246, 252, 253, 254, 263, 264, 272, 281, 282, 284, 304], "summary": {"covered_lines": 45, "num_statements": 178, "percent_covered": 25.280898876404493, "percent_covered_display": "25", "missing_lines": 133, "excluded_lines": 0}, "missing_lines": [164, 165, 166, 167, 169, 170, 176, 177, 178, 201, 202, 208, 221, 222, 223, 224, 225, 255, 259, 260, 285, 286, 287, 289, 290, 291, 296, 297, 329, 330, 331, 338, 350, 352, 354, 356, 357, 358, 359, 361, 363, 364, 366, 367, 369, 370, 371, 372, 375, 376, 377, 378, 379, 380, 382, 383, 389, 391, 392, 393, 395, 396, 397, 399, 401, 402, 403, 405, 406, 407, 409, 411, 412, 414, 415, 416, 418, 419, 421, 423, 424, 426, 427, 428, 430, 431, 433, 434, 437, 438, 439, 440, 441, 442, 444, 445, 451, 452, 453, 455, 461, 478, 480, 482, 493, 494, 497, 500, 501, 502, 505, 506, 507, 509, 522, 526, 531, 532, 533, 534, 535, 536, 537, 538, 539, 540, 541, 542, 543, 544, 545, 546, 548], "excluded_lines": []}, "": {"executed_lines": [1, 19, 20, 21, 22, 23, 24, 25, 26, 27, 29, 32, 33, 51, 74, 96, 115, 182, 215, 235, 279, 310, 457, 463, 524], "summary": {"covered_lines": 23, "num_statements": 23, "percent_covered": 100.0, "percent_covered_display": "100", "missing_lines": 0, "excluded_lines": 0}, "missing_lines": [], "excluded_lines": []}}}, "src/manifest/agents/context_size_calculator.py": {"executed_lines": [1, 8, 9, 10, 12, 17, 48, 51, 55, 58, 59, 65, 66, 86, 87, 119, 120, 157, 158, 233, 234], "summary": {"covered_lines": 19, "num_statements": 85, "percent_covered": 22.352941176470587, "percent_covered_display": "22", "missing_lines": 66, "excluded_lines": 0}, "missing_lines": [80, 81, 84, 99, 101, 103, 104, 105, 106, 107, 108, 109, 111, 114, 116, 117, 131, 132, 135, 136, 137, 140, 141, 142, 143, 144, 145, 146, 147, 148, 149, 150, 152, 154, 155, 186, 187, 188, 190, 191, 193, 194, 195, 201, 202, 203, 204, 206, 216, 217, 218, 223, 246, 249, 250, 253, 254, 257, 258, 261, 262, 265, 266, 269, 270, 272], "excluded_lines": [], "functions": {"ContextSizeCalculator.estimate_tokens": {"executed_lines": [], "summary": {"covered_lines": 0, "num_statements": 3, "percent_covered": 0.0, "percent_covered_display": "0", "missing_lines": 3, "excluded_lines": 0}, "missing_lines": [80, 81, 84], "excluded_lines": []}, "ContextSizeCalculator.estimate_context_tokens": {"executed_lines": [], "summary": {"covered_lines": 0, "num_statements": 4, "percent_covered": 0.0, "percent_covered_display": "0", "missing_lines": 4, "excluded_lines": 0}, "missing_lines": [99, 101, 116, 117], "excluded_lines": []}, "ContextSizeCalculator.estimate_context_tokens.count_value": {"executed_lines": [], "summary": {"covered_lines": 0, "num_statements": 9, "percent_covered": 0.0, "percent_covered_display": "0", "missing_lines": 9, "excluded_lines": 0}, "missing_lines": [103, 104, 105, 106, 107, 108, 109, 111, 114], "excluded_lines": []}, "ContextSizeCalculator.get_model_token_limit": {"executed_lines": [], "summary": {"covered_lines": 0, "num_statements": 19, "percent_covered": 0.0, "percent_covered_display": "0", "missing_lines": 19, "excluded_lines": 0}, "missing_lines": [131, 132, 135, 136, 137, 140, 141, 142, 143, 144, 145, 146, 147, 148, 149, 150, 152, 154, 155], "excluded_lines": []}, "ContextSizeCalculator.validate_context_size": {"executed_lines": [], "summary": {"covered_lines": 0, "num_statements": 17, "percent_covered": 0.0, "percent_covered_display": "0", "missing_lines": 17, "excluded_lines": 0}, "missing_lines": [186, 187, 188, 190, 191, 193, 194, 195, 201, 202, 203, 204, 206, 216, 217, 218, 223], "excluded_lines": []}, "ContextSizeCalculator.get_context_breakdown": {"executed_lines": [], "summary": {"covered_lines": 0, "num_statements": 14, "percent_covered": 0.0, "percent_covered_display": "0", "missing_lines": 14, "excluded_lines": 0}, "missing_lines": [246, 249, 250, 253, 254, 257, 258, 261, 262, 265, 266, 269, 270, 272], "excluded_lines": []}, "": {"executed_lines": [1, 8, 9, 10, 12, 17, 48, 51, 55, 58, 59, 65, 66, 86, 87, 119, 120, 157, 158, 233, 234], "summary": {"covered_lines": 19, "num_statements": 19, "percent_covered": 100.0, "percent_covered_display": "100", "missing_lines": 0, "excluded_lines": 0}, "missing_lines": [], "excluded_lines": []}}, "classes": {"ContextSizeCalculator": {"executed_lines": [], "summary": {"covered_lines": 0, "num_statements": 66, "percent_covered": 0.0, "percent_covered_display": "0", "missing_lines": 66, "excluded_lines": 0}, "missing_lines": [80, 81, 84, 99, 101, 103, 104, 105, 106, 107, 108, 109, 111, 114, 116, 117, 131, 132, 135, 136, 137, 140, 141, 142, 143, 144, 145, 146, 147, 148, 149, 150, 152, 154, 155, 186, 187, 188, 190, 191, 193, 194, 195, 201, 202, 203, 204, 206, 216, 217, 218, 223, 246, 249, 250, 253, 254, 257, 258, 261, 262, 265, 266, 269, 270, 272], "excluded_lines": []}, "": {"executed_lines": [1, 8, 9, 10, 12, 17, 48, 51, 55, 58, 59, 65, 66, 86, 87, 119, 120, 157, 158, 233, 234], "summary": {"covered_lines": 19, "num_statements": 19, "percent_covered": 100.0, "percent_covered_display": "100", "missing_lines": 0, "excluded_lines": 0}, "missing_lines": [], "excluded_lines": []}}}, "src/manifest/agents/failure_recovery.py": {"executed_lines": [1, 9, 10, 11, 12, 14, 17, 18, 19, 20, 21, 22, 23, 24, 25, 28, 29, 30, 31, 32, 33, 34, 35, 38, 39, 45, 46, 69, 70, 72, 73, 74, 75, 78, 89, 102, 113, 124, 135, 136, 137, 138, 143, 145, 154, 169, 170, 176, 182, 183, 184, 186, 213, 214, 217, 224, 225, 228, 229, 232, 233, 238, 248, 255, 256, 260, 279, 301, 303, 344, 362, 365, 366, 369, 377, 379, 414, 449, 483, 545], "summary": {"covered_lines": 75, "num_statements": 147, "percent_covered": 51.02040816326531, "percent_covered_display": "51", "missing_lines": 72, "excluded_lines": 0}, "missing_lines": [79, 80, 81, 86, 90, 91, 92, 97, 98, 99, 103, 104, 105, 110, 114, 115, 116, 121, 125, 126, 127, 132, 163, 164, 165, 166, 268, 269, 271, 307, 309, 313, 315, 319, 321, 325, 327, 334, 336, 342, 397, 401, 402, 404, 412, 432, 436, 437, 439, 447, 467, 470, 471, 473, 481, 497, 498, 500, 507, 508, 510, 516, 517, 522, 523, 528, 529, 534, 535, 541, 543, 554], "excluded_lines": [], "functions": {"FailureAnalyzer.analyze_failure": {"executed_lines": [69, 70, 72, 73, 74, 75, 78, 89, 102, 113, 124, 135, 136, 137, 138, 143, 145], "summary": {"covered_lines": 17, "num_statements": 39, "percent_covered": 43.58974358974359, "percent_covered_display": "44", "missing_lines": 22, "excluded_lines": 0}, "missing_lines": [79, 80, 81, 86, 90, 91, 92, 97, 98, 99, 103, 104, 105, 110, 114, 115, 116, 121, 125, 126, 127, 132], "excluded_lines": []}, "_extract_timeout_duration": {"executed_lines": [], "summary": {"covered_lines": 0, "num_statements": 4, "percent_covered": 0.0, "percent_covered_display": "0", "missing_lines": 4, "excluded_lines": 0}, "missing_lines": [163, 164, 165, 166], "excluded_lines": []}, "FailureRecoveryManager.__init__": {"executed_lines": [182, 183, 184], "summary": {"covered_lines": 3, "num_statements": 3, "percent_covered": 100.0, "percent_covered_display": "100", "missing_lines": 0, "excluded_lines": 0}, "missing_lines": [], "excluded_lines": []}, "FailureRecoveryManager.attempt_recovery": {"executed_lines": [213, 214, 217, 224, 225, 228, 229, 232, 233, 238, 248, 255, 256, 260], "summary": {"covered_lines": 14, "num_statements": 17, "percent_covered": 82.3529411764706, "percent_covered_display": "82", "missing_lines": 3, "excluded_lines": 0}, "missing_lines": [268, 269, 271], "excluded_lines": []}, "FailureRecoveryManager._apply_recovery_strategy": {"executed_lines": [301, 303], "summary": {"covered_lines": 2, "num_statements": 13, "percent_covered": 15.384615384615385, "percent_covered_display": "15", "missing_lines": 11, "excluded_lines": 0}, "missing_lines": [307, 309, 313, 315, 319, 321, 325, 327, 334, 336, 342], "excluded_lines": []}, "FailureRecoveryManager._retry_stage": {"executed_lines": [362, 365, 366, 369, 377], "summary": {"covered_lines": 5, "num_statements": 5, "percent_covered": 100.0, "percent_covered_display": "100", "missing_lines": 0, "excluded_lines": 0}, "missing_lines": [], "excluded_lines": []}, "FailureRecoveryManager._retry_with_simplified_prompt": {"executed_lines": [], "summary": {"covered_lines": 0, "num_statements": 5, "percent_covered": 0.0, "percent_covered_display": "0", "missing_lines": 5, "excluded_lines": 0}, "missing_lines": [397, 401, 402, 404, 412], "excluded_lines": []}, "FailureRecoveryManager._retry_with_fallback_model": {"executed_lines": [], "summary": {"covered_lines": 0, "num_statements": 5, "percent_covered": 0.0, "percent_covered_display": "0", "missing_lines": 5, "excluded_lines": 0}, "missing_lines": [432, 436, 437, 439, 447], "excluded_lines": []}, "FailureRecoveryManager._retry_with_fallback_approach": {"executed_lines": [], "summary": {"covered_lines": 0, "num_statements": 5, "percent_covered": 0.0, "percent_covered_display": "0", "missing_lines": 5, "excluded_lines": 0}, "missing_lines": [467, 470, 471, 473, 481], "excluded_lines": []}, "FailureRecoveryManager._generate_error_message": {"executed_lines": [], "summary": {"covered_lines": 0, "num_statements": 16, "percent_covered": 0.0, "percent_covered_display": "0", "missing_lines": 16, "excluded_lines": 0}, "missing_lines": [497, 498, 500, 507, 508, 510, 516, 517, 522, 523, 528, 529, 534, 535, 541, 543], "excluded_lines": []}, "FailureRecoveryManager.get_recovery_history": {"executed_lines": [], "summary": {"covered_lines": 0, "num_statements": 1, "percent_covered": 0.0, "percent_covered_display": "0", "missing_lines": 1, "excluded_lines": 0}, "missing_lines": [554], "excluded_lines": []}, "": {"executed_lines": [1, 9, 10, 11, 12, 14, 17, 18, 19, 20, 21, 22, 23, 24, 25, 28, 29, 30, 31, 32, 33, 34, 35, 38, 39, 45, 46, 154, 169, 170, 176, 186, 279, 344, 379, 414, 449, 483, 545], "summary": {"covered_lines": 34, "num_statements": 34, "percent_covered": 100.0, "percent_covered_display": "100", "missing_lines": 0, "excluded_lines": 0}, "missing_lines": [], "excluded_lines": []}}, "classes": {"FailureType": {"executed_lines": [], "summary": {"covered_lines": 0, "num_statements": 0, "percent_covered": 100.0, "percent_covered_display": "100", "missing_lines": 0, "excluded_lines": 0}, "missing_lines": [], "excluded_lines": []}, "RecoveryStrategy": {"executed_lines": [], "summary": {"covered_lines": 0, "num_statements": 0, "percent_covered": 100.0, "percent_covered_display": "100", "missing_lines": 0, "excluded_lines": 0}, "missing_lines": [], "excluded_lines": []}, "FailureAnalyzer": {"executed_lines": [69, 70, 72, 73, 74, 75, 78, 89, 102, 113, 124, 135, 136, 137, 138, 143, 145], "summary": {"covered_lines": 17, "num_statements": 39, "percent_covered": 43.58974358974359, "percent_covered_display": "44", "missing_lines": 22, "excluded_lines": 0}, "missing_lines": [79, 80, 81, 86, 90, 91, 92, 97, 98, 99, 103, 104, 105, 110, 114, 115, 116, 121, 125, 126, 127, 132], "excluded_lines": []}, "FailureRecoveryManager": {"executed_lines": [182, 183, 184, 213, 214, 217, 224, 225, 228, 229, 232, 233, 238, 248, 255, 256, 260, 301, 303, 362, 365, 366, 369, 377], "summary": {"covered_lines": 24, "num_statements": 70, "percent_covered": 34.285714285714285, "percent_covered_display": "34", "missing_lines": 46, "excluded_lines": 0}, "missing_lines": [268, 269, 271, 307, 309, 313, 315, 319, 321, 325, 327, 334, 336, 342, 397, 401, 402, 404, 412, 432, 436, 437, 439, 447, 467, 470, 471, 473, 481, 497, 498, 500, 507, 508, 510, 516, 517, 522, 523, 528, 529, 534, 535, 541, 543, 554], "excluded_lines": []}, "": {"executed_lines": [1, 9, 10, 11, 12, 14, 17, 18, 19, 20, 21, 22, 23, 24, 25, 28, 29, 30, 31, 32, 33, 34, 35, 38, 39, 45, 46, 154, 169, 170, 176, 186, 279, 344, 379, 414, 449, 483, 545], "summary": {"covered_lines": 34, "num_statements": 38, "percent_covered": 89.47368421052632, "percent_covered_display": "89", "missing_lines": 4, "excluded_lines": 0}, "missing_lines": [163, 164, 165, 166], "excluded_lines": []}}}, "src/manifest/agents/resource_monitor.py": {"executed_lines": [1, 5, 6, 7, 8, 9, 10, 12, 15, 16, 21, 28, 29, 30, 31, 32, 34, 41, 44, 45, 47, 49, 50, 51, 52, 53, 54, 55, 57, 87, 113, 166, 168, 169, 171, 173, 175, 177, 192, 194, 195, 196, 197, 201, 202, 203, 204, 205, 210, 211, 213, 215, 228, 229, 231, 234, 235, 236, 237, 238, 239, 244, 245, 252], "summary": {"covered_lines": 62, "num_statements": 116, "percent_covered": 53.44827586206897, "percent_covered_display": "53", "missing_lines": 54, "excluded_lines": 0}, "missing_lines": [42, 59, 60, 61, 64, 67, 70, 76, 79, 80, 82, 83, 84, 85, 89, 90, 91, 92, 94, 109, 110, 111, 115, 116, 118, 120, 121, 123, 124, 125, 128, 129, 130, 132, 133, 136, 137, 138, 139, 141, 142, 144, 156, 158, 159, 161, 162, 164, 198, 207, 208, 232, 241, 242], "excluded_lines": [], "functions": {"ResourceMonitor.__init__": {"executed_lines": [28, 29, 30, 31, 32], "summary": {"covered_lines": 5, "num_statements": 5, "percent_covered": 100.0, "percent_covered_display": "100", "missing_lines": 0, "excluded_lines": 0}, "missing_lines": [], "excluded_lines": []}, "ResourceMonitor.start": {"executed_lines": [41, 44, 45], "summary": {"covered_lines": 3, "num_statements": 4, "percent_covered": 75.0, "percent_covered_display": "75", "missing_lines": 1, "excluded_lines": 0}, "missing_lines": [42], "excluded_lines": []}, "ResourceMonitor.stop": {"executed_lines": [49, 50, 51, 52, 53, 54, 55], "summary": {"covered_lines": 7, "num_statements": 7, "percent_covered": 100.0, "percent_covered_display": "100", "missing_lines": 0, "excluded_lines": 0}, "missing_lines": [], "excluded_lines": []}, "ResourceMonitor._monitor_loop": {"executed_lines": [], "summary": {"covered_lines": 0, "num_statements": 13, "percent_covered": 0.0, "percent_covered_display": "0", "missing_lines": 13, "excluded_lines": 0}, "missing_lines": [59, 60, 61, 64, 67, 70, 76, 79, 80, 82, 83, 84, 85], "excluded_lines": []}, "ResourceMonitor._get_system_stats": {"executed_lines": [], "summary": {"covered_lines": 0, "num_statements": 8, "percent_covered": 0.0, "percent_covered_display": "0", "missing_lines": 8, "excluded_lines": 0}, "missing_lines": [89, 90, 91, 92, 94, 109, 110, 111], "excluded_lines": []}, "ResourceMonitor._get_container_stats": {"executed_lines": [], "summary": {"covered_lines": 0, "num_statements": 26, "percent_covered": 0.0, "percent_covered_display": "0", "missing_lines": 26, "excluded_lines": 0}, "missing_lines": [115, 116, 118, 120, 121, 123, 124, 125, 128, 129, 130, 132, 133, 136, 137, 138, 139, 141, 142, 144, 156, 158, 159, 161, 162, 164], "excluded_lines": []}, "ResourceMonitor.get_current_stats": {"executed_lines": [168, 169, 171], "summary": {"covered_lines": 3, "num_statements": 3, "percent_covered": 100.0, "percent_covered_display": "100", "missing_lines": 0, "excluded_lines": 0}, "missing_lines": [], "excluded_lines": []}, "ResourceMonitor.get_container_stats": {"executed_lines": [175], "summary": {"covered_lines": 1, "num_statements": 1, "percent_covered": 100.0, "percent_covered_display": "100", "missing_lines": 0, "excluded_lines": 0}, "missing_lines": [], "excluded_lines": []}, "ResourceMonitor.get_resource_trends": {"executed_lines": [192, 194, 195, 196, 197, 201, 202, 203, 204, 205, 210, 211, 213], "summary": {"covered_lines": 13, "num_statements": 16, "percent_covered": 81.25, "percent_covered_display": "81", "missing_lines": 3, "excluded_lines": 0}, "missing_lines": [198, 207, 208], "excluded_lines": []}, "ResourceMonitor.check_thresholds": {"executed_lines": [228, 229, 231, 234, 235, 236, 237, 238, 239, 244, 245, 252], "summary": {"covered_lines": 12, "num_statements": 15, "percent_covered": 80.0, "percent_covered_display": "80", "missing_lines": 3, "excluded_lines": 0}, "missing_lines": [232, 241, 242], "excluded_lines": []}, "": {"executed_lines": [1, 5, 6, 7, 8, 9, 10, 12, 15, 16, 21, 34, 47, 57, 87, 113, 166, 173, 177, 215], "summary": {"covered_lines": 18, "num_statements": 18, "percent_covered": 100.0, "percent_covered_display": "100", "missing_lines": 0, "excluded_lines": 0}, "missing_lines": [], "excluded_lines": []}}, "classes": {"ResourceMonitor": {"executed_lines": [28, 29, 30, 31, 32, 41, 44, 45, 49, 50, 51, 52, 53, 54, 55, 168, 169, 171, 175, 192, 194, 195, 196, 197, 201, 202, 203, 204, 205, 210, 211, 213, 228, 229, 231, 234, 235, 236, 237, 238, 239, 244, 245, 252], "summary": {"covered_lines": 44, "num_statements": 98, "percent_covered": 44.89795918367347, "percent_covered_display": "45", "missing_lines": 54, "excluded_lines": 0}, "missing_lines": [42, 59, 60, 61, 64, 67, 70, 76, 79, 80, 82, 83, 84, 85, 89, 90, 91, 92, 94, 109, 110, 111, 115, 116, 118, 120, 121, 123, 124, 125, 128, 129, 130, 132, 133, 136, 137, 138, 139, 141, 142, 144, 156, 158, 159, 161, 162, 164, 198, 207, 208, 232, 241, 242], "excluded_lines": []}, "": {"executed_lines": [1, 5, 6, 7, 8, 9, 10, 12, 15, 16, 21, 34, 47, 57, 87, 113, 166, 173, 177, 215], "summary": {"covered_lines": 18, "num_statements": 18, "percent_covered": 100.0, "percent_covered_display": "100", "missing_lines": 0, "excluded_lines": 0}, "missing_lines": [], "excluded_lines": []}}}, "src/manifest/agents/runner.py": {"executed_lines": [1, 5, 6, 7, 8, 9, 10, 12, 13, 14, 15, 16, 17, 18, 19, 20, 21, 22, 24, 27, 35, 38, 39, 40, 45, 46, 47, 49, 50, 53, 54, 55, 57, 58, 61, 67, 74, 82, 83, 85, 94, 97, 98, 101, 112, 120, 124, 125, 128, 131, 134, 139, 143, 144, 145, 146, 147, 203, 228, 229, 232], "summary": {"covered_lines": 60, "num_statements": 120, "percent_covered": 50.0, "percent_covered_display": "50", "missing_lines": 60, "excluded_lines": 0}, "missing_lines": [121, 126, 135, 136, 137, 138, 140, 141, 142, 148, 150, 151, 152, 153, 154, 156, 157, 158, 159, 161, 162, 163, 164, 165, 166, 168, 169, 170, 171, 172, 175, 176, 177, 179, 180, 181, 182, 183, 186, 187, 188, 189, 190, 191, 192, 193, 194, 195, 196, 197, 198, 200, 213, 214, 216, 233, 234, 235, 237, 239], "excluded_lines": [], "functions": {"run_agent": {"executed_lines": [35, 38, 39, 40, 45, 46, 47, 49, 50, 53, 54, 55, 57, 58, 61, 67, 74, 82, 83, 85, 94, 97, 98, 101, 112, 120, 124, 125, 128, 131, 134, 139, 143, 144, 145, 146, 147, 203, 228, 229], "summary": {"covered_lines": 40, "num_statements": 95, "percent_covered": 42.10526315789474, "percent_covered_display": "42", "missing_lines": 55, "excluded_lines": 0}, "missing_lines": [121, 126, 135, 136, 137, 138, 140, 141, 142, 148, 150, 151, 152, 153, 154, 156, 157, 158, 159, 161, 162, 163, 164, 165, 166, 168, 169, 170, 171, 172, 175, 176, 177, 179, 180, 181, 182, 183, 186, 187, 188, 189, 190, 191, 192, 193, 194, 195, 196, 197, 198, 200, 213, 214, 216], "excluded_lines": []}, "": {"executed_lines": [1, 5, 6, 7, 8, 9, 10, 12, 13, 14, 15, 16, 17, 18, 19, 20, 21, 22, 24, 27, 232], "summary": {"covered_lines": 20, "num_statements": 25, "percent_covered": 80.0, "percent_covered_display": "80", "missing_lines": 5, "excluded_lines": 0}, "missing_lines": [233, 234, 235, 237, 239], "excluded_lines": []}}, "classes": {"": {"executed_lines": [1, 5, 6, 7, 8, 9, 10, 12, 13, 14, 15, 16, 17, 18, 19, 20, 21, 22, 24, 27, 35, 38, 39, 40, 45, 46, 47, 49, 50, 53, 54, 55, 57, 58, 61, 67, 74, 82, 83, 85, 94, 97, 98, 101, 112, 120, 124, 125, 128, 131, 134, 139, 143, 144, 145, 146, 147, 203, 228, 229, 232], "summary": {"covered_lines": 60, "num_statements": 120, "percent_covered": 50.0, "percent_covered_display": "50", "missing_lines": 60, "excluded_lines": 0}, "missing_lines": [121, 126, 135, 136, 137, 138, 140, 141, 142, 148, 150, 151, 152, 153, 154, 156, 157, 158, 159, 161, 162, 163, 164, 165, 166, 168, 169, 170, 171, 172, 175, 176, 177, 179, 180, 181, 182, 183, 186, 187, 188, 189, 190, 191, 192, 193, 194, 195, 196, 197, 198, 200, 213, 214, 216, 233, 234, 235, 237, 239], "excluded_lines": []}}}, "src/manifest/agents/skills_manager.py": {"executed_lines": [1, 13, 14, 15, 16, 17, 19, 22, 23, 40, 50, 51, 52, 53, 54, 56, 57, 58, 60, 62, 69, 72, 75, 77, 84, 85, 87, 88, 89, 92, 93, 99, 101, 102, 104, 105, 106, 110, 111, 117, 130, 133, 139, 140, 143, 144, 145, 146, 148, 157, 158, 171, 173, 180, 181, 184, 186, 187, 189, 190, 191, 192, 195, 196, 201, 217, 227, 228, 229, 232, 237, 238, 241, 246, 247, 252, 255, 260, 261, 266, 268, 270, 289, 292, 294, 295, 296, 299, 300, 302, 306, 307, 308, 319, 321, 336, 337, 340, 342, 354, 355, 356, 359, 373, 374, 376, 378, 379, 380, 381, 382, 384, 385, 386, 387, 388, 389, 391, 396, 398, 443, 470], "summary": {"covered_lines": 120, "num_statements": 172, "percent_covered": 69.76744186046511, "percent_covered_display": "70", "missing_lines": 52, "excluded_lines": 0}, "missing_lines": [95, 96, 97, 113, 114, 115, 159, 160, 162, 163, 198, 199, 303, 311, 357, 413, 415, 417, 423, 424, 425, 426, 427, 428, 430, 432, 433, 434, 435, 437, 438, 439, 440, 441, 458, 459, 460, 461, 462, 464, 465, 466, 467, 468, 483, 484, 485, 487, 488, 489, 490, 491], "excluded_lines": [], "functions": {"SkillsManager.__init__": {"executed_lines": [50, 51, 52, 53, 54, 56, 57, 58, 60], "summary": {"covered_lines": 9, "num_statements": 9, "percent_covered": 100.0, "percent_covered_display": "100", "missing_lines": 0, "excluded_lines": 0}, "missing_lines": [], "excluded_lines": []}, "SkillsManager._load_skills": {"executed_lines": [69, 72, 75], "summary": {"covered_lines": 3, "num_statements": 3, "percent_covered": 100.0, "percent_covered_display": "100", "missing_lines": 0, "excluded_lines": 0}, "missing_lines": [], "excluded_lines": []}, "SkillsManager._load_agent_default_skills": {"executed_lines": [84, 85, 87, 88, 89, 92, 93], "summary": {"covered_lines": 7, "num_statements": 10, "percent_covered": 70.0, "percent_covered_display": "70", "missing_lines": 3, "excluded_lines": 0}, "missing_lines": [95, 96, 97], "excluded_lines": []}, "SkillsManager._load_project_skills": {"executed_lines": [101, 102, 104, 105, 106, 110, 111], "summary": {"covered_lines": 7, "num_statements": 10, "percent_covered": 70.0, "percent_covered_display": "70", "missing_lines": 3, "excluded_lines": 0}, "missing_lines": [113, 114, 115], "excluded_lines": []}, "SkillsManager._parse_agents_md": {"executed_lines": [130, 133, 139, 140, 143, 144, 145, 146, 148, 157, 158, 171], "summary": {"covered_lines": 12, "num_statements": 16, "percent_covered": 75.0, "percent_covered_display": "75", "missing_lines": 4, "excluded_lines": 0}, "missing_lines": [159, 160, 162, 163], "excluded_lines": []}, "SkillsManager._load_skill_definitions": {"executed_lines": [180, 181, 184, 186, 187, 189, 190, 191, 192, 195, 196], "summary": {"covered_lines": 11, "num_statements": 13, "percent_covered": 84.61538461538461, "percent_covered_display": "85", "missing_lines": 2, "excluded_lines": 0}, "missing_lines": [198, 199], "excluded_lines": []}, "SkillsManager._parse_skill_markdown": {"executed_lines": [217, 227, 228, 229, 232, 237, 238, 241, 246, 247, 252, 255, 260, 261, 266, 268], "summary": {"covered_lines": 16, "num_statements": 16, "percent_covered": 100.0, "percent_covered_display": "100", "missing_lines": 0, "excluded_lines": 0}, "missing_lines": [], "excluded_lines": []}, "SkillsManager.get_skills_for_agent": {"executed_lines": [289, 292, 294, 295, 296, 299, 300, 302, 306, 307, 308, 319], "summary": {"covered_lines": 12, "num_statements": 14, "percent_covered": 85.71428571428571, "percent_covered_display": "86", "missing_lines": 2, "excluded_lines": 0}, "missing_lines": [303, 311], "excluded_lines": []}, "SkillsManager._skill_applies_to_agent": {"executed_lines": [336, 337, 340], "summary": {"covered_lines": 3, "num_statements": 3, "percent_covered": 100.0, "percent_covered_display": "100", "missing_lines": 0, "excluded_lines": 0}, "missing_lines": [], "excluded_lines": []}, "SkillsManager.get_skill_content": {"executed_lines": [354, 355, 356], "summary": {"covered_lines": 3, "num_statements": 4, "percent_covered": 75.0, "percent_covered_display": "75", "missing_lines": 1, "excluded_lines": 0}, "missing_lines": [357], "excluded_lines": []}, "SkillsManager.format_skills_for_prompt": {"executed_lines": [373, 374, 376, 378, 379, 380, 381, 382, 384, 385, 386, 387, 388, 389, 391, 396], "summary": {"covered_lines": 16, "num_statements": 16, "percent_covered": 100.0, "percent_covered_display": "100", "missing_lines": 0, "excluded_lines": 0}, "missing_lines": [], "excluded_lines": []}, "SkillsManager.save_agent_skills": {"executed_lines": [], "summary": {"covered_lines": 0, "num_statements": 19, "percent_covered": 0.0, "percent_covered_display": "0", "missing_lines": 19, "excluded_lines": 0}, "missing_lines": [413, 415, 417, 423, 424, 425, 426, 427, 428, 430, 432, 433, 434, 435, 437, 438, 439, 440, 441], "excluded_lines": []}, "SkillsManager.save_skill_file": {"executed_lines": [], "summary": {"covered_lines": 0, "num_statements": 10, "percent_covered": 0.0, "percent_covered_display": "0", "missing_lines": 10, "excluded_lines": 0}, "missing_lines": [458, 459, 460, 461, 462, 464, 465, 466, 467, 468], "excluded_lines": []}, "SkillsManager.save_agents_md": {"executed_lines": [], "summary": {"covered_lines": 0, "num_statements": 8, "percent_covered": 0.0, "percent_covered_display": "0", "missing_lines": 8, "excluded_lines": 0}, "missing_lines": [483, 484, 485, 487, 488, 489, 490, 491], "excluded_lines": []}, "": {"executed_lines": [1, 13, 14, 15, 16, 17, 19, 22, 23, 40, 62, 77, 99, 117, 173, 201, 270, 321, 342, 359, 398, 443, 470], "summary": {"covered_lines": 21, "num_statements": 21, "percent_covered": 100.0, "percent_covered_display": "100", "missing_lines": 0, "excluded_lines": 0}, "missing_lines": [], "excluded_lines": []}}, "classes": {"SkillsManager": {"executed_lines": [50, 51, 52, 53, 54, 56, 57, 58, 60, 69, 72, 75, 84, 85, 87, 88, 89, 92, 93, 101, 102, 104, 105, 106, 110, 111, 130, 133, 139, 140, 143, 144, 145, 146, 148, 157, 158, 171, 180, 181, 184, 186, 187, 189, 190, 191, 192, 195, 196, 217, 227, 228, 229, 232, 237, 238, 241, 246, 247, 252, 255, 260, 261, 266, 268, 289, 292, 294, 295, 296, 299, 300, 302, 306, 307, 308, 319, 336, 337, 340, 354, 355, 356, 373, 374, 376, 378, 379, 380, 381, 382, 384, 385, 386, 387, 388, 389, 391, 396], "summary": {"covered_lines": 99, "num_statements": 151, "percent_covered": 65.56291390728477, "percent_covered_display": "66", "missing_lines": 52, "excluded_lines": 0}, "missing_lines": [95, 96, 97, 113, 114, 115, 159, 160, 162, 163, 198, 199, 303, 311, 357, 413, 415, 417, 423, 424, 425, 426, 427, 428, 430, 432, 433, 434, 435, 437, 438, 439, 440, 441, 458, 459, 460, 461, 462, 464, 465, 466, 467, 468, 483, 484, 485, 487, 488, 489, 490, 491], "excluded_lines": []}, "": {"executed_lines": [1, 13, 14, 15, 16, 17, 19, 22, 23, 40, 62, 77, 99, 117, 173, 201, 270, 321, 342, 359, 398, 443, 470], "summary": {"covered_lines": 21, "num_statements": 21, "percent_covered": 100.0, "percent_covered_display": "100", "missing_lines": 0, "excluded_lines": 0}, "missing_lines": [], "excluded_lines": []}}}, "src/manifest/agents/sprint_executor.py": {"executed_lines": [1, 12, 13, 14, 15, 17, 20, 21, 37, 44, 45, 46, 47, 48, 49, 50, 52, 135, 148, 229], "summary": {"covered_lines": 18, "num_statements": 90, "percent_covered": 20.0, "percent_covered_display": "20", "missing_lines": 72, "excluded_lines": 0}, "missing_lines": [78, 81, 82, 84, 85, 94, 95, 97, 99, 102, 106, 107, 109, 111, 114, 119, 120, 121, 122, 123, 124, 126, 128, 141, 142, 145, 146, 166, 168, 169, 170, 171, 172, 173, 174, 177, 180, 183, 184, 193, 194, 203, 204, 205, 206, 207, 208, 209, 210, 212, 217, 218, 220, 221, 222, 223, 224, 225, 226, 227, 247, 249, 252, 253, 256, 257, 266, 267, 275, 281, 282, 283], "excluded_lines": [], "functions": {"SprintExecutor.__init__": {"executed_lines": [44, 45, 46, 47, 48, 49, 50], "summary": {"covered_lines": 7, "num_statements": 7, "percent_covered": 100.0, "percent_covered_display": "100", "missing_lines": 0, "excluded_lines": 0}, "missing_lines": [], "excluded_lines": []}, "SprintExecutor.start_sprint": {"executed_lines": [], "summary": {"covered_lines": 0, "num_statements": 23, "percent_covered": 0.0, "percent_covered_display": "0", "missing_lines": 23, "excluded_lines": 0}, "missing_lines": [78, 81, 82, 84, 85, 94, 95, 97, 99, 102, 106, 107, 109, 111, 114, 119, 120, 121, 122, 123, 124, 126, 128], "excluded_lines": []}, "SprintExecutor._start_task_worker_squad": {"executed_lines": [], "summary": {"covered_lines": 0, "num_statements": 4, "percent_covered": 0.0, "percent_covered_display": "0", "missing_lines": 4, "excluded_lines": 0}, "missing_lines": [141, 142, 145, 146], "excluded_lines": []}, "SprintExecutor.write_sprint_tests": {"executed_lines": [], "summary": {"covered_lines": 0, "num_statements": 33, "percent_covered": 0.0, "percent_covered_display": "0", "missing_lines": 33, "excluded_lines": 0}, "missing_lines": [166, 168, 169, 170, 171, 172, 173, 174, 177, 180, 183, 184, 193, 194, 203, 204, 205, 206, 207, 208, 209, 210, 212, 217, 218, 220, 221, 222, 223, 224, 225, 226, 227], "excluded_lines": []}, "SprintExecutor.run_sprint_tests": {"executed_lines": [], "summary": {"covered_lines": 0, "num_statements": 12, "percent_covered": 0.0, "percent_covered_display": "0", "missing_lines": 12, "excluded_lines": 0}, "missing_lines": [247, 249, 252, 253, 256, 257, 266, 267, 275, 281, 282, 283], "excluded_lines": []}, "": {"executed_lines": [1, 12, 13, 14, 15, 17, 20, 21, 37, 52, 135, 148, 229], "summary": {"covered_lines": 11, "num_statements": 11, "percent_covered": 100.0, "percent_covered_display": "100", "missing_lines": 0, "excluded_lines": 0}, "missing_lines": [], "excluded_lines": []}}, "classes": {"SprintExecutor": {"executed_lines": [44, 45, 46, 47, 48, 49, 50], "summary": {"covered_lines": 7, "num_statements": 79, "percent_covered": 8.860759493670885, "percent_covered_display": "9", "missing_lines": 72, "excluded_lines": 0}, "missing_lines": [78, 81, 82, 84, 85, 94, 95, 97, 99, 102, 106, 107, 109, 111, 114, 119, 120, 121, 122, 123, 124, 126, 128, 141, 142, 145, 146, 166, 168, 169, 170, 171, 172, 173, 174, 177, 180, 183, 184, 193, 194, 203, 204, 205, 206, 207, 208, 209, 210, 212, 217, 218, 220, 221, 222, 223, 224, 225, 226, 227, 247, 249, 252, 253, 256, 257, 266, 267, 275, 281, 282, 283], "excluded_lines": []}, "": {"executed_lines": [1, 12, 13, 14, 15, 17, 20, 21, 37, 52, 135, 148, 229], "summary": {"covered_lines": 11, "num_statements": 11, "percent_covered": 100.0, "percent_covered_display": "100", "missing_lines": 0, "excluded_lines": 0}, "missing_lines": [], "excluded_lines": []}}}, "src/manifest/agents/task_scoper.py": {"executed_lines": [1, 12, 13, 14, 17, 18, 20, 21, 22, 23, 24, 25, 26, 28, 30, 32, 37, 38, 39, 40, 44, 46, 64, 67, 70, 73, 75, 82, 97, 100, 101, 102, 106, 108, 110, 113, 114, 115, 116, 121, 122, 123, 124, 125, 126, 127, 131, 133, 135, 136, 139, 140, 141, 143, 144, 146, 148, 150, 153, 154, 155, 156, 159, 160, 161, 162, 164, 166, 168, 169, 170, 173, 174, 177, 178, 179, 180, 181, 183, 184, 186, 188, 190, 191, 199, 291, 320], "summary": {"covered_lines": 85, "num_statements": 159, "percent_covered": 53.459119496855344, "percent_covered_display": "53", "missing_lines": 74, "excluded_lines": 0}, "missing_lines": [41, 42, 103, 117, 118, 128, 129, 182, 227, 228, 231, 236, 237, 239, 240, 242, 243, 246, 247, 248, 251, 252, 253, 254, 257, 258, 260, 269, 270, 271, 272, 273, 274, 277, 278, 279, 284, 285, 286, 287, 289, 298, 299, 301, 302, 305, 306, 309, 310, 313, 316, 318, 332, 333, 334, 337, 338, 339, 340, 341, 342, 349, 350, 352, 353, 354, 355, 356, 357, 359, 360, 361, 363, 365], "excluded_lines": [], "functions": {"TaskScoper.__init__": {"executed_lines": [21, 22, 23, 24, 25, 26], "summary": {"covered_lines": 6, "num_statements": 6, "percent_covered": 100.0, "percent_covered_display": "100", "missing_lines": 0, "excluded_lines": 0}, "missing_lines": [], "excluded_lines": []}, "TaskScoper._load_data": {"executed_lines": [30, 32, 37, 38, 39, 40, 44], "summary": {"covered_lines": 7, "num_statements": 9, "percent_covered": 77.77777777777777, "percent_covered_display": "78", "missing_lines": 2, "excluded_lines": 0}, "missing_lines": [41, 42], "excluded_lines": []}, "TaskScoper.get_task_context": {"executed_lines": [64, 67, 70, 73, 75], "summary": {"covered_lines": 5, "num_statements": 5, "percent_covered": 100.0, "percent_covered_display": "100", "missing_lines": 0, "excluded_lines": 0}, "missing_lines": [], "excluded_lines": []}, "TaskScoper._get_task_components": {"executed_lines": [97, 100, 101, 102, 106], "summary": {"covered_lines": 5, "num_statements": 6, "percent_covered": 83.33333333333333, "percent_covered_display": "83", "missing_lines": 1, "excluded_lines": 0}, "missing_lines": [103], "excluded_lines": []}, "TaskScoper._get_task_files": {"executed_lines": [110, 113, 114, 115, 116, 121, 122, 123, 124, 125, 126, 127, 131], "summary": {"covered_lines": 13, "num_statements": 17, "percent_covered": 76.47058823529412, "percent_covered_display": "76", "missing_lines": 4, "excluded_lines": 0}, "missing_lines": [117, 118, 128, 129], "excluded_lines": []}, "TaskScoper._get_task_requirements": {"executed_lines": [135, 136, 139, 140, 141, 143, 144, 146], "summary": {"covered_lines": 8, "num_statements": 8, "percent_covered": 100.0, "percent_covered_display": "100", "missing_lines": 0, "excluded_lines": 0}, "missing_lines": [], "excluded_lines": []}, "TaskScoper._get_allowed_modifications": {"executed_lines": [150, 153, 154, 155, 156, 159, 160, 161, 162, 164], "summary": {"covered_lines": 10, "num_statements": 10, "percent_covered": 100.0, "percent_covered_display": "100", "missing_lines": 0, "excluded_lines": 0}, "missing_lines": [], "excluded_lines": []}, "TaskScoper.validate_task_scope": {"executed_lines": [168, 169, 170, 173, 174, 177, 178, 179, 180, 181, 183, 184, 186], "summary": {"covered_lines": 13, "num_statements": 14, "percent_covered": 92.85714285714286, "percent_covered_display": "93", "missing_lines": 1, "excluded_lines": 0}, "missing_lines": [182], "excluded_lines": []}, "TaskScoper.get_task_scope_summary": {"executed_lines": [190, 191], "summary": {"covered_lines": 2, "num_statements": 2, "percent_covered": 100.0, "percent_covered_display": "100", "missing_lines": 0, "excluded_lines": 0}, "missing_lines": [], "excluded_lines": []}, "TaskScoper.validate_task_granularity": {"executed_lines": [], "summary": {"covered_lines": 0, "num_statements": 33, "percent_covered": 0.0, "percent_covered_display": "0", "missing_lines": 33, "excluded_lines": 0}, "missing_lines": [227, 228, 231, 236, 237, 239, 240, 242, 243, 246, 247, 248, 251, 2
[...]
es": [], "summary": {"covered_lines": 0, "num_statements": 3, "percent_covered": 0.0, "percent_covered_display": "0", "missing_lines": 3, "excluded_lines": 0}, "missing_lines": [17, 18, 19], "excluded_lines": []}, "StructureGraphView": {"executed_lines": [], "summary": {"covered_lines": 0, "num_statements": 160, "percent_covered": 0.0, "percent_covered_display": "0", "missing_lines": 160, "excluded_lines": 0}, "missing_lines": [26, 27, 28, 29, 30, 31, 32, 36, 52, 53, 54, 55, 56, 59, 60, 61, 62, 63, 65, 69, 70, 71, 75, 76, 78, 79, 80, 83, 84, 85, 86, 89, 90, 91, 92, 93, 94, 95, 97, 100, 101, 102, 103, 106, 107, 108, 110, 111, 112, 115, 116, 119, 120, 121, 124, 126, 127, 130, 131, 132, 133, 134, 137, 138, 139, 140, 142, 143, 144, 145, 146, 147, 148, 151, 152, 153, 154, 155, 157, 160, 161, 162, 163, 164, 166, 169, 170, 171, 172, 173, 174, 175, 178, 179, 180, 181, 183, 186, 187, 188, 190, 193, 194, 195, 198, 199, 200, 202, 205, 207, 208, 210, 211, 212, 213, 214, 215, 216, 219, 220, 222, 225, 226, 227, 228, 229, 232, 233, 234, 236, 237, 239, 240, 243, 244, 246, 254, 256, 257, 258, 259, 262, 263, 264, 265, 268, 269, 270, 271, 273, 275, 279, 280, 281, 282, 283, 284, 285, 286, 288], "excluded_lines": []}, "": {"executed_lines": [1, 5, 6, 7, 8, 9, 10, 13, 14, 16, 22, 23, 25, 38, 67, 73, 248, 277], "summary": {"covered_lines": 15, "num_statements": 15, "percent_covered": 100.0, "percent_covered_display": "100", "missing_lines": 0, "excluded_lines": 0}, "missing_lines": [], "excluded_lines": []}}}, "src/manifest/ui/widgets/structure_hierarchy_view.py": {"executed_lines": [1, 4, 5, 6, 7, 8, 11, 12, 14, 26, 48, 124, 343, 354, 367, 406, 419, 420, 500, 536, 543, 544, 546], "summary": {"covered_lines": 20, "num_statements": 308, "percent_covered": 6.4935064935064934, "percent_covered_display": "6", "missing_lines": 288, "excluded_lines": 0}, "missing_lines": [15, 16, 17, 18, 19, 20, 21, 22, 23, 24, 40, 41, 42, 43, 44, 46, 50, 51, 53, 54, 57, 58, 59, 60, 63, 64, 65, 66, 67, 70, 73, 74, 75, 83, 84, 85, 86, 87, 90, 91, 92, 93, 100, 101, 102, 103, 104, 107, 108, 109, 110, 112, 113, 114, 115, 116, 118, 119, 122, 126, 127, 128, 129, 132, 135, 138, 139, 140, 141, 142, 143, 144, 146, 149, 152, 153, 154, 155, 165, 166, 167, 168, 169, 172, 174, 175, 176, 177, 178, 179, 180, 186, 188, 189, 190, 193, 194, 195, 196, 204, 205, 206, 207, 208, 214, 215, 216, 217, 218, 219, 226, 227, 228, 235, 236, 237, 238, 239, 240, 247, 248, 249, 256, 257, 258, 260, 261, 262, 263, 264, 272, 273, 274, 275, 281, 282, 283, 284, 287, 288, 289, 290, 292, 293, 294, 295, 296, 297, 299, 300, 308, 309, 310, 311, 317, 318, 319, 320, 323, 324, 325, 326, 328, 329, 330, 331, 332, 333, 335, 336, 345, 346, 347, 348, 349, 350, 352, 356, 357, 358, 359, 360, 361, 362, 363, 365, 376, 378, 379, 380, 381, 383, 384, 386, 387, 388, 389, 390, 391, 393, 394, 395, 398, 399, 400, 401, 402, 404, 412, 413, 414, 415, 416, 417, 422, 423, 424, 426, 429, 430, 431, 434, 436, 438, 439, 442, 444, 445, 447, 448, 449, 452, 454, 455, 456, 459, 460, 461, 463, 464, 465, 466, 469, 470, 471, 472, 473, 475, 476, 477, 478, 480, 481, 482, 485, 486, 487, 488, 489, 491, 492, 493, 494, 497, 498, 507, 508, 511, 512, 513, 516, 517, 518, 519, 520, 521, 524, 525, 526, 527, 530, 531, 534, 538, 539, 540, 547, 548], "excluded_lines": [], "functions": {"StructureHierarchyView.__init__": {"executed_lines": [], "summary": {"covered_lines": 0, "num_statements": 10, "percent_covered": 0.0, "percent_covered_display": "0", "missing_lines": 10, "excluded_lines": 0}, "missing_lines": [15, 16, 17, 18, 19, 20, 21, 22, 23, 24], "excluded_lines": []}, "StructureHierarchyView.load_data": {"executed_lines": [], "summary": {"covered_lines": 0, "num_statements": 6, "percent_covered": 0.0, "percent_covered_display": "0", "missing_lines": 6, "excluded_lines": 0}, "missing_lines": [40, 41, 42, 43, 44, 46], "excluded_lines": []}, "StructureHierarchyView._build_tree": {"executed_lines": [], "summary": {"covered_lines": 0, "num_statements": 43, "percent_covered": 0.0, "percent_covered_display": "0", "missing_lines": 43, "excluded_lines": 0}, "missing_lines": [50, 51, 53, 54, 57, 58, 59, 60, 63, 64, 65, 66, 67, 70, 73, 74, 75, 83, 84, 85, 86, 87, 90, 91, 92, 93, 100, 101, 102, 103, 104, 107, 108, 109, 110, 112, 113, 114, 115, 116, 118, 119, 122], "excluded_lines": []}, "StructureHierarchyView._add_component_node": {"executed_lines": [], "summary": {"covered_lines": 0, "num_statements": 111, "percent_covered": 0.0, "percent_covered_display": "0", "missing_lines": 111, "excluded_lines": 0}, "missing_lines": [126, 127, 128, 129, 132, 135, 138, 139, 140, 141, 142, 143, 144, 146, 149, 152, 153, 154, 155, 165, 166, 167, 168, 169, 172, 174, 175, 176, 177, 178, 179, 180, 186, 188, 189, 190, 193, 194, 195, 196, 204, 205, 206, 207, 208, 214, 215, 216, 217, 218, 219, 226, 227, 228, 235, 236, 237, 238, 239, 240, 247, 248, 249, 256, 257, 258, 260, 261, 262, 263, 264, 272, 273, 274, 275, 281, 282, 283, 284, 287, 288, 289, 290, 292, 293, 294, 295, 296, 297, 299, 300, 308, 309, 310, 311, 317, 318, 319, 320, 323, 324, 325, 326, 328, 329, 330, 331, 332, 333, 335, 336], "excluded_lines": []}, "StructureHierarchyView._get_status_icon_color": {"executed_lines": [], "summary": {"covered_lines": 0, "num_statements": 7, "percent_covered": 0.0, "percent_covered_display": "0", "missing_lines": 7, "excluded_lines": 0}, "missing_lines": [345, 346, 347, 348, 349, 350, 352], "excluded_lines": []}, "StructureHierarchyView._get_component_status_icon": {"executed_lines": [], "summary": {"covered_lines": 0, "num_statements": 9, "percent_covered": 0.0, "percent_covered_display": "0", "missing_lines": 9, "excluded_lines": 0}, "missing_lines": [356, 357, 358, 359, 360, 361, 362, 363, 365], "excluded_lines": []}, "StructureHierarchyView._find_tasks_for_file": {"executed_lines": [], "summary": {"covered_lines": 0, "num_statements": 22, "percent_covered": 0.0, "percent_covered_display": "0", "missing_lines": 22, "excluded_lines": 0}, "missing_lines": [376, 378, 379, 380, 381, 383, 384, 386, 387, 388, 389, 390, 391, 393, 394, 395, 398, 399, 400, 401, 402, 404], "excluded_lines": []}, "StructureHierarchyView.set_app": {"executed_lines": [], "summary": {"covered_lines": 0, "num_statements": 6, "percent_covered": 0.0, "percent_covered_display": "0", "missing_lines": 6, "excluded_lines": 0}, "missing_lines": [412, 413, 414, 415, 416, 417], "excluded_lines": []}, "StructureHierarchyView.on_node_selected": {"executed_lines": [], "summary": {"covered_lines": 0, "num_statements": 51, "percent_covered": 0.0, "percent_covered_display": "0", "missing_lines": 51, "excluded_lines": 0}, "missing_lines": [422, 423, 424, 426, 429, 430, 431, 434, 436, 438, 439, 442, 444, 445, 447, 448, 449, 452, 454, 455, 456, 459, 460, 461, 463, 464, 465, 466, 469, 470, 471, 472, 473, 475, 476, 477, 478, 480, 481, 482, 485, 486, 487, 488, 489, 491, 492, 493, 494, 497, 498], "excluded_lines": []}, "StructureHierarchyView.highlight_task_files_and_components": {"executed_lines": [], "summary": {"covered_lines": 0, "num_statements": 18, "percent_covered": 0.0, "percent_covered_display": "0", "missing_lines": 18, "excluded_lines": 0}, "missing_lines": [507, 508, 511, 512, 513, 516, 517, 518, 519, 520, 521, 524, 525, 526, 527, 530, 531, 534], "excluded_lines": []}, "StructureHierarchyView.clear_highlights": {"executed_lines": [], "summary": {"covered_lines": 0, "num_statements": 3, "percent_covered": 0.0, "percent_covered_display": "0", "missing_lines": 3, "excluded_lines": 0}, "missing_lines": [538, 539, 540], "excluded_lines": []}, "ComponentSelected.__init__": {"executed_lines": [], "summary": {"covered_lines": 0, "num_statements": 2, "percent_covered": 0.0, "percent_covered_display": "0", "missing_lines": 2, "excluded_lines": 0}, "missing_lines": [547, 548], "excluded_lines": []}, "": {"executed_lines": [1, 4, 5, 6, 7, 8, 11, 12, 14, 26, 48, 124, 343, 354, 367, 406, 419, 420, 500, 536, 543, 544, 546], "summary": {"covered_lines": 20, "num_statements": 20, "percent_covered": 100.0, "percent_covered_display": "100", "missing_lines": 0, "excluded_lines": 0}, "missing_lines": [], "excluded_lines": []}}, "classes": {"StructureHierarchyView": {"executed_lines": [], "summary": {"covered_lines": 0, "num_statements": 286, "percent_covered": 0.0, "percent_covered_display": "0", "missing_lines": 286, "excluded_lines": 0}, "missing_lines": [15, 16, 17, 18, 19, 20, 21, 22, 23, 24, 40, 41, 42, 43, 44, 46, 50, 51, 53, 54, 57, 58, 59, 60, 63, 64, 65, 66, 67, 70, 73, 74, 75, 83, 84, 85, 86, 87, 90, 91, 92, 93, 100, 101, 102, 103, 104, 107, 108, 109, 110, 112, 113, 114, 115, 116, 118, 119, 122, 126, 127, 128, 129, 132, 135, 138, 139, 140, 141, 142, 143, 144, 146, 149, 152, 153, 154, 155, 165, 166, 167, 168, 169, 172, 174, 175, 176, 177, 178, 179, 180, 186, 188, 189, 190, 193, 194, 195, 196, 204, 205, 206, 207, 208, 214, 215, 216, 217, 218, 219, 226, 227, 228, 235, 236, 237, 238, 239, 240, 247, 248, 249, 256, 257, 258, 260, 261, 262, 263, 264, 272, 273, 274, 275, 281, 282, 283, 284, 287, 288, 289, 290, 292, 293, 294, 295, 296, 297, 299, 300, 308, 309, 310, 311, 317, 318, 319, 320, 323, 324, 325, 326, 328, 329, 330, 331, 332, 333, 335, 336, 345, 346, 347, 348, 349, 350, 352, 356, 357, 358, 359, 360, 361, 362, 363, 365, 376, 378, 379, 380, 381, 383, 384, 386, 387, 388, 389, 390, 391, 393, 394, 395, 398, 399, 400, 401, 402, 404, 412, 413, 414, 415, 416, 417, 422, 423, 424, 426, 429, 430, 431, 434, 436, 438, 439, 442, 444, 445, 447, 448, 449, 452, 454, 455, 456, 459, 460, 461, 463, 464, 465, 466, 469, 470, 471, 472, 473, 475, 476, 477, 478, 480, 481, 482, 485, 486, 487, 488, 489, 491, 492, 493, 494, 497, 498, 507, 508, 511, 512, 513, 516, 517, 518, 519, 520, 521, 524, 525, 526, 527, 530, 531, 534, 538, 539, 540], "excluded_lines": []}, "ComponentSelected": {"executed_lines": [], "summary": {"covered_lines": 0, "num_statements": 2, "percent_covered": 0.0, "percent_covered_display": "0", "missing_lines": 2, "excluded_lines": 0}, "missing_lines": [547, 548], "excluded_lines": []}, "": {"executed_lines": [1, 4, 5, 6, 7, 8, 11, 12, 14, 26, 48, 124, 343, 354, 367, 406, 419, 420, 500, 536, 543, 544, 546], "summary": {"covered_lines": 20, "num_statements": 20, "percent_covered": 100.0, "percent_covered_display": "100", "missing_lines": 0, "excluded_lines": 0}, "missing_lines": [], "excluded_lines": []}}}, "src/manifest/ui/widgets/task_progress_view.py": {"executed_lines": [1, 9, 10, 11, 12, 13, 15, 18, 19, 21, 27, 36, 71, 134, 168, 214], "summary": {"covered_lines": 14, "num_statements": 112, "percent_covered": 12.5, "percent_covered_display": "12", "missing_lines": 98, "excluded_lines": 0}, "missing_lines": [22, 23, 24, 25, 29, 30, 31, 32, 33, 34, 43, 44, 46, 48, 49, 50, 51, 52, 57, 60, 63, 66, 68, 69, 77, 78, 79, 81, 82, 83, 86, 87, 88, 90, 92, 93, 102, 103, 104, 106, 107, 108, 110, 119, 122, 123, 126, 127, 128, 130, 132, 140, 143, 144, 145, 147, 148, 149, 150, 153, 154, 155, 156, 158, 159, 160, 162, 163, 164, 166, 175, 176, 179, 180, 181, 184, 185, 186, 187, 188, 190, 191, 193, 194, 196, 197, 198, 199, 202, 203, 204, 205, 206, 207, 209, 211, 212, 220], "excluded_lines": [], "functions": {"TaskProgressView.__init__": {"executed_lines": [], "summary": {"covered_lines": 0, "num_statements": 4, "percent_covered": 0.0, "percent_covered_display": "0", "missing_lines": 4, "excluded_lines": 0}, "missing_lines": [22, 23, 24, 25], "excluded_lines": []}, "TaskProgressView.compose": {"executed_lines": [], "summary": {"covered_lines": 0, "num_statements": 6, "percent_covered": 0.0, "percent_covered_display": "0", "missing_lines": 6, "excluded_lines": 0}, "missing_lines": [29, 30, 31, 32, 33, 34], "excluded_lines": []}, "TaskProgressView.update_task": {"executed_lines": [], "summary": {"covered_lines": 0, "num_statements": 14, "percent_covered": 0.0, "percent_covered_display": "0", "missing_lines": 14, "excluded_lines": 0}, "missing_lines": [43, 44, 46, 48, 49, 50, 51, 52, 57, 60, 63, 66, 68, 69], "excluded_lines": []}, "TaskProgressView._update_stages": {"executed_lines": [], "summary": {"covered_lines": 0, "num_statements": 27, "percent_covered": 0.0, "percent_covered_display": "0", "missing_lines": 27, "excluded_lines": 0}, "missing_lines": [77, 78, 79, 81, 82, 83, 86, 87, 88, 90, 92, 93, 102, 103, 104, 106, 107, 108, 110, 119, 122, 123, 126, 127, 128, 130, 132], "excluded_lines": []}, "TaskProgressView._update_modified_files": {"executed_lines": [], "summary": {"covered_lines": 0, "num_statements": 19, "percent_covered": 0.0, "percent_covered_display": "0", "missing_lines": 19, "excluded_lines": 0}, "missing_lines": [140, 143, 144, 145, 147, 148, 149, 150, 153, 154, 155, 156, 158, 159, 160, 162, 163, 164, 166], "excluded_lines": []}, "TaskProgressView._update_git_diff": {"executed_lines": [], "summary": {"covered_lines": 0, "num_statements": 27, "percent_covered": 0.0, "percent_covered_display": "0", "missing_lines": 27, "excluded_lines": 0}, "missing_lines": [175, 176, 179, 180, 181, 184, 185, 186, 187, 188, 190, 191, 193, 194, 196, 197, 198, 199, 202, 203, 204, 205, 206, 207, 209, 211, 212], "excluded_lines": []}, "TaskProgressView.set_app": {"executed_lines": [], "summary": {"covered_lines": 0, "num_statements": 1, "percent_covered": 0.0, "percent_covered_display": "0", "missing_lines": 1, "excluded_lines": 0}, "missing_lines": [220], "excluded_lines": []}, "": {"executed_lines": [1, 9, 10, 11, 12, 13, 15, 18, 19, 21, 27, 36, 71, 134, 168, 214], "summary": {"covered_lines": 14, "num_statements": 14, "percent_covered": 100.0, "percent_covered_display": "100", "missing_lines": 0, "excluded_lines": 0}, "missing_lines": [], "excluded_lines": []}}, "classes": {"TaskProgressView": {"executed_lines": [], "summary": {"covered_lines": 0, "num_statements": 98, "percent_covered": 0.0, "percent_covered_display": "0", "missing_lines": 98, "excluded_lines": 0}, "missing_lines": [22, 23, 24, 25, 29, 30, 31, 32, 33, 34, 43, 44, 46, 48, 49, 50, 51, 52, 57, 60, 63, 66, 68, 69, 77, 78, 79, 81, 82, 83, 86, 87, 88, 90, 92, 93, 102, 103, 104, 106, 107, 108, 110, 119, 122, 123, 126, 127, 128, 130, 132, 140, 143, 144, 145, 147, 148, 149, 150, 153, 154, 155, 156, 158, 159, 160, 162, 163, 164, 166, 175, 176, 179, 180, 181, 184, 185, 186, 187, 188, 190, 191, 193, 194, 196, 197, 198, 199, 202, 203, 204, 205, 206, 207, 209, 211, 212, 220], "excluded_lines": []}, "": {"executed_lines": [1, 9, 10, 11, 12, 13, 15, 18, 19, 21, 27, 36, 71, 134, 168, 214], "summary": {"covered_lines": 14, "num_statements": 14, "percent_covered": 100.0, "percent_covered_display": "100", "missing_lines": 0, "excluded_lines": 0}, "missing_lines": [], "excluded_lines": []}}}, "src/manifest/ui/widgets/workflow_visualization.py": {"executed_lines": [1, 10, 11, 12, 13, 14, 16, 19, 20, 26, 33, 51, 135, 212, 250, 291], "summary": {"covered_lines": 14, "num_statements": 163, "percent_covered": 8.588957055214724, "percent_covered_display": "9", "missing_lines": 149, "excluded_lines": 0}, "missing_lines": [28, 29, 30, 31, 46, 47, 48, 49, 53, 54, 56, 57, 58, 61, 64, 67, 68, 70, 71, 74, 75, 76, 77, 78, 80, 81, 84, 86, 87, 88, 89, 90, 92, 93, 96, 98, 101, 103, 106, 107, 108, 109, 110, 113, 114, 115, 118, 122, 123, 124, 125, 126, 131, 133, 146, 147, 148, 151, 159, 162, 164, 165, 166, 167, 168, 169, 172, 173, 176, 179, 180, 181, 184, 185, 187, 188, 189, 190, 191, 192, 195, 197, 198, 199, 200, 201, 202, 203, 204, 205, 208, 210, 221, 222, 224, 225, 228, 231, 232, 233, 234, 235, 237, 238, 241, 242, 243, 245, 246, 248, 260, 262, 264, 265, 266, 268, 269, 270, 271, 272, 273, 274, 276, 277, 278, 279, 280, 281, 282, 285, 286, 287, 289, 305, 307, 309, 310, 313, 315, 316, 318, 319, 320, 321, 324, 325, 326, 328, 330], "excluded_lines": [], "functions": {"WorkflowVisualization.__init__": {"executed_lines": [], "summary": {"covered_lines": 0, "num_statements": 4, "percent_covered": 0.0, "percent_covered_display": "0", "missing_lines": 4, "excluded_lines": 0}, "missing_lines": [28, 29, 30, 31], "excluded_lines": []}, "WorkflowVisualization.load_workflow": {"executed_lines": [], "summary": {"covered_lines": 0, "num_statements": 4, "percent_covered": 0.0, "percent_covered_display": "0", "missing_lines": 4, "excluded_lines": 0}, "missing_lines": [46, 47, 48, 49], "excluded_lines": []}, "WorkflowVisualization.render": {"executed_lines": [], "summary": {"covered_lines": 0, "num_statements": 46, "percent_covered": 0.0, "percent_covered_display": "0", "missing_lines": 46, "excluded_lines": 0}, "missing_lines": [53, 54, 56, 57, 58, 61, 64, 67, 68, 70, 71, 74, 75, 76, 77, 78, 80, 81, 84, 86, 87, 88, 89, 90, 92, 93, 96, 98, 101, 103, 106, 107, 108, 109, 110, 113, 114, 115, 118, 122, 123, 124, 125, 126, 131, 133], "excluded_lines": []}, "WorkflowVisualization._render_stage_node": {"executed_lines": [], "summary": {"covered_lines": 0, "num_statements": 38, "percent_covered": 0.0, "percent_covered_display": "0", "missing_lines": 38, "excluded_lines": 0}, "missing_lines": [146, 147, 148, 151, 159, 162, 164, 165, 166, 167, 168, 169, 172, 173, 176, 179, 180, 181, 184, 185, 187, 188, 189, 190, 191, 192, 195, 197, 198, 199, 200, 201, 202, 203, 204, 205, 208, 210], "excluded_lines": []}, "WorkflowVisualization._join_parallel_nodes": {"executed_lines": [], "summary": {"covered_lines": 0, "num_statements": 18, "percent_covered": 0.0, "percent_covered_display": "0", "missing_lines": 18, "excluded_lines": 0}, "missing_lines": [221, 222, 224, 225, 228, 231, 232, 233, 234, 235, 237, 238, 241, 242, 243, 245, 246, 248], "excluded_lines": []}, "WorkflowVisualization._render_connector": {"executed_lines": [], "summary": {"covered_lines": 0, "num_statements": 23, "percent_covered": 0.0, "percent_covered_display": "0", "missing_lines": 23, "excluded_lines": 0}, "missing_lines": [260, 262, 264, 265, 266, 268, 269, 270, 271, 272, 273, 274, 276, 277, 278, 279, 280, 281, 282, 285, 286, 287, 289], "excluded_lines": []}, "WorkflowVisualization._render_conditional_branch": {"executed_lines": [], "summary": {"covered_lines": 0, "num_statements": 16, "percent_covered": 0.0, "percent_covered_display": "0", "missing_lines": 16, "excluded_lines": 0}, "missing_lines": [305, 307, 309, 310, 313, 315, 316, 318, 319, 320, 321, 324, 325, 326, 328, 330], "excluded_lines": []}, "": {"executed_lines": [1, 10, 11, 12, 13, 14, 16, 19, 20, 26, 33, 51, 135, 212, 250, 291], "summary": {"covered_lines": 14, "num_statements": 14, "percent_covered": 100.0, "percent_covered_display": "100", "missing_lines": 0, "excluded_lines": 0}, "missing_lines": [], "excluded_lines": []}}, "classes": {"WorkflowVisualization": {"executed_lines": [], "summary": {"covered_lines": 0, "num_statements": 149, "percent_covered": 0.0, "percent_covered_display": "0", "missing_lines": 149, "excluded_lines": 0}, "missing_lines": [28, 29, 30, 31, 46, 47, 48, 49, 53, 54, 56, 57, 58, 61, 64, 67, 68, 70, 71, 74, 75, 76, 77, 78, 80, 81, 84, 86, 87, 88, 89, 90, 92, 93, 96, 98, 101, 103, 106, 107, 108, 109, 110, 113, 114, 115, 118, 122, 123, 124, 125, 126, 131, 133, 146, 147, 148, 151, 159, 162, 164, 165, 166, 167, 168, 169, 172, 173, 176, 179, 180, 181, 184, 185, 187, 188, 189, 190, 191, 192, 195, 197, 198, 199, 200, 201, 202, 203, 204, 205, 208, 210, 221, 222, 224, 225, 228, 231, 232, 233, 234, 235, 237, 238, 241, 242, 243, 245, 246, 248, 260, 262, 264, 265, 266, 268, 269, 270, 271, 272, 273, 274, 276, 277, 278, 279, 280, 281, 282, 285, 286, 287, 289, 305, 307, 309, 310, 313, 315, 316, 318, 319, 320, 321, 324, 325, 326, 328, 330], "excluded_lines": []}, "": {"executed_lines": [1, 10, 11, 12, 13, 14, 16, 19, 20, 26, 33, 51, 135, 212, 250, 291], "summary": {"covered_lines": 14, "num_statements": 14, "percent_covered": 100.0, "percent_covered_display": "100", "missing_lines": 0, "excluded_lines": 0}, "missing_lines": [], "excluded_lines": []}}}}, "totals": {"covered_lines": 5481, "num_statements": 12979, "percent_covered": 42.229755759303494, "percent_covered_display": "42", "missing_lines": 7498, "excluded_lines": 26}}
